[2.207s] Invoking command in '/home/user/ros2_ws/src/my_package': PYTHONPATH=/home/user/ros2_ws/build/my_package/prefix_override:/home/user/ros2_ws/install/my_package/lib/python3.10/site-packages:${PYTHONPATH} _=/usr/bin/env /usr/bin/python3 setup.py egg_info --egg-base ../../build/my_package build --build-base /home/user/ros2_ws/build/my_package/build install --record /home/user/ros2_ws/build/my_package/install.log --single-version-externally-managed
[2.719s] running egg_info
[2.719s] creating ../../build/my_package/my_package.egg-info
[2.720s] writing ../../build/my_package/my_package.egg-info/PKG-INFO
[2.720s] writing dependency_links to ../../build/my_package/my_package.egg-info/dependency_links.txt
[2.721s] writing entry points to ../../build/my_package/my_package.egg-info/entry_points.txt
[2.721s] writing requirements to ../../build/my_package/my_package.egg-info/requires.txt
[2.721s] writing top-level names to ../../build/my_package/my_package.egg-info/top_level.txt
[2.722s] writing manifest file '../../build/my_package/my_package.egg-info/SOURCES.txt'
[2.723s] reading manifest file '../../build/my_package/my_package.egg-info/SOURCES.txt'
[2.724s] writing manifest file '../../build/my_package/my_package.egg-info/SOURCES.txt'
[2.725s] running build
[2.725s] running build_py
[2.725s] creating /home/user/ros2_ws/build/my_package/build
[2.725s] creating /home/user/ros2_ws/build/my_package/build/lib
[2.725s] creating /home/user/ros2_ws/build/my_package/build/lib/my_package
[2.725s] copying my_package/__init__.py -> /home/user/ros2_ws/build/my_package/build/lib/my_package
[2.725s] running install
[2.726s] running install_lib
[2.726s] creating /home/user/ros2_ws/install/my_package/lib/python3.10/site-packages/my_package
[2.727s] copying /home/user/ros2_ws/build/my_package/build/lib/my_package/__init__.py -> /home/user/ros2_ws/install/my_package/lib/python3.10/site-packages/my_package
[2.730s] byte-compiling /home/user/ros2_ws/install/my_package/lib/python3.10/site-packages/my_package/__init__.py to __init__.cpython-310.pyc
[2.730s] running install_data
[2.731s] creating /home/user/ros2_ws/install/my_package/share/ament_index
[2.731s] creating /home/user/ros2_ws/install/my_package/share/ament_index/resource_index
[2.731s] creating /home/user/ros2_ws/install/my_package/share/ament_index/resource_index/packages
[2.731s] copying resource/my_package -> /home/user/ros2_ws/install/my_package/share/ament_index/resource_index/packages
[2.731s] copying package.xml -> /home/user/ros2_ws/install/my_package/share/my_package
[2.731s] running install_egg_info
[2.734s] Copying ../../build/my_package/my_package.egg-info to /home/user/ros2_ws/install/my_package/lib/python3.10/site-packages/my_package-0.0.0-py3.10.egg-info
[2.735s] running install_scripts
[2.772s] writing list of installed files to '/home/user/ros2_ws/build/my_package/install.log'
[2.820s] Invoked command in '/home/user/ros2_ws/src/my_package' returned '0': PYTHONPATH=/home/user/ros2_ws/build/my_package/prefix_override:/home/user/ros2_ws/install/my_package/lib/python3.10/site-packages:${PYTHONPATH} _=/usr/bin/env /usr/bin/python3 setup.py egg_info --egg-base ../../build/my_package build --build-base /home/user/ros2_ws/build/my_package/build install --record /home/user/ros2_ws/build/my_package/install.log --single-version-externally-managed
