[10.274s] DEBUG:colcon:Command line arguments: ['/usr/bin/colcon', 'build', '--packages-select', 'publisher_pkg']
[10.275s] DEBUG:colcon:Parsed command line arguments: Namespace(log_base=None, log_level=None, verb_name='build', build_base='build', install_base='install', merge_install=False, symlink_install=False, test_result_base=None, continue_on_error=False, executor='parallel', parallel_workers=8, event_handlers=None, ignore_user_meta=False, metas=['./colcon.meta'], base_paths=['.'], packages_ignore=None, packages_ignore_regex=None, paths=None, packages_up_to=None, packages_up_to_regex=None, packages_above=None, packages_above_and_dependencies=None, packages_above_depth=None, packages_select_by_dep=None, packages_skip_by_dep=None, packages_skip_up_to=None, packages_select_build_failed=False, packages_skip_build_finished=False, packages_select_test_failures=False, packages_skip_test_passed=False, packages_select=['publisher_pkg'], packages_skip=None, packages_select_regex=None, packages_skip_regex=None, packages_start=None, packages_end=None, allow_overriding=[], cmake_args=None, cmake_target=None, cmake_target_skip_unavailable=False, cmake_clean_cache=False, cmake_clean_first=False, cmake_force_configure=False, meson_args=[], ament_cmake_args=None, catkin_cmake_args=None, catkin_skip_building_tests=False, mixin_files=None, mixin=None, verb_parser=<colcon_alias.argument_parser.alias.AliasArgumentDecorator object at 0x7fb1f482db10>, verb_extension=<colcon_core.verb.build.BuildVerb object at 0x7fb1f482cdf0>, main=<bound method BuildVerb.main of <colcon_core.verb.build.BuildVerb object at 0x7fb1f482cdf0>>, mixin_verb=('build',))
[10.367s] Level 1:colcon.colcon_core.package_discovery:discover_packages(colcon_meta) check parameters
[10.368s] Level 1:colcon.colcon_core.package_discovery:discover_packages(recursive) check parameters
[10.368s] Level 1:colcon.colcon_core.package_discovery:discover_packages(ignore) check parameters
[10.368s] Level 1:colcon.colcon_core.package_discovery:discover_packages(path) check parameters
[10.368s] Level 1:colcon.colcon_core.package_discovery:discover_packages(colcon_meta) discover
[10.368s] Level 1:colcon.colcon_core.package_discovery:discover_packages(recursive) discover
[10.368s] INFO:colcon.colcon_core.package_discovery:Crawling recursively for packages in '/home/user/ros2_ws'
[10.369s] Level 1:colcon.colcon_core.package_identification:_identify(.) by extensions ['ignore', 'ignore_ament_install']
[10.369s] Level 1:colcon.colcon_core.package_identification:_identify(.) by extension 'ignore'
[10.369s] Level 1:colcon.colcon_core.package_identification:_identify(.) by extension 'ignore_ament_install'
[10.369s] Level 1:colcon.colcon_core.package_identification:_identify(.) by extensions ['colcon_pkg']
[10.369s] Level 1:colcon.colcon_core.package_identification:_identify(.) by extension 'colcon_pkg'
[10.369s] Level 1:colcon.colcon_core.package_identification:_identify(.) by extensions ['colcon_meta']
[10.369s] Level 1:colcon.colcon_core.package_identification:_identify(.) by extension 'colcon_meta'
[10.369s] Level 1:colcon.colcon_core.package_identification:_identify(.) by extensions ['ros']
[10.369s] Level 1:colcon.colcon_core.package_identification:_identify(.) by extension 'ros'
[10.391s] Level 1:colcon.colcon_core.package_identification:_identify(.) by extensions ['cmake', 'meson', 'python']
[10.391s] Level 1:colcon.colcon_core.package_identification:_identify(.) by extension 'cmake'
[10.391s] Level 1:colcon.colcon_core.package_identification:_identify(.) by extension 'meson'
[10.391s] Level 1:colcon.colcon_core.package_identification:_identify(.) by extension 'python'
[10.391s] Level 1:colcon.colcon_core.package_identification:_identify(.) by extensions ['python_setup_py']
[10.391s] Level 1:colcon.colcon_core.package_identification:_identify(.) by extension 'python_setup_py'
[10.392s] Level 1:colcon.colcon_core.package_identification:_identify(build) by extensions ['ignore', 'ignore_ament_install']
[10.392s] Level 1:colcon.colcon_core.package_identification:_identify(build) by extension 'ignore'
[10.392s] Level 1:colcon.colcon_core.package_identification:_identify(build) ignored
[10.392s] Level 1:colcon.colcon_core.package_identification:_identify(install) by extensions ['ignore', 'ignore_ament_install']
[10.392s] Level 1:colcon.colcon_core.package_identification:_identify(install) by extension 'ignore'
[10.392s] Level 1:colcon.colcon_core.package_identification:_identify(install) ignored
[10.392s] Level 1:colcon.colcon_core.package_identification:_identify(log) by extensions ['ignore', 'ignore_ament_install']
[10.393s] Level 1:colcon.colcon_core.package_identification:_identify(log) by extension 'ignore'
[10.393s] Level 1:colcon.colcon_core.package_identification:_identify(log) ignored
[10.393s] Level 1:colcon.colcon_core.package_identification:_identify(src) by extensions ['ignore', 'ignore_ament_install']
[10.393s] Level 1:colcon.colcon_core.package_identification:_identify(src) by extension 'ignore'
[10.393s] Level 1:colcon.colcon_core.package_identification:_identify(src) by extension 'ignore_ament_install'
[10.393s] Level 1:colcon.colcon_core.package_identification:_identify(src) by extensions ['colcon_pkg']
[10.393s] Level 1:colcon.colcon_core.package_identification:_identify(src) by extension 'colcon_pkg'
[10.393s] Level 1:colcon.colcon_core.package_identification:_identify(src) by extensions ['colcon_meta']
[10.393s] Level 1:colcon.colcon_core.package_identification:_identify(src) by extension 'colcon_meta'
[10.393s] Level 1:colcon.colcon_core.package_identification:_identify(src) by extensions ['ros']
[10.394s] Level 1:colcon.colcon_core.package_identification:_identify(src) by extension 'ros'
[10.394s] Level 1:colcon.colcon_core.package_identification:_identify(src) by extensions ['cmake', 'meson', 'python']
[10.394s] Level 1:colcon.colcon_core.package_identification:_identify(src) by extension 'cmake'
[10.394s] Level 1:colcon.colcon_core.package_identification:_identify(src) by extension 'meson'
[10.394s] Level 1:colcon.colcon_core.package_identification:_identify(src) by extension 'python'
[10.394s] Level 1:colcon.colcon_core.package_identification:_identify(src) by extensions ['python_setup_py']
[10.394s] Level 1:colcon.colcon_core.package_identification:_identify(src) by extension 'python_setup_py'
[10.394s] Level 1:colcon.colcon_core.package_identification:_identify(src/my_package) by extensions ['ignore', 'ignore_ament_install']
[10.394s] Level 1:colcon.colcon_core.package_identification:_identify(src/my_package) by extension 'ignore'
[10.394s] Level 1:colcon.colcon_core.package_identification:_identify(src/my_package) by extension 'ignore_ament_install'
[10.395s] Level 1:colcon.colcon_core.package_identification:_identify(src/my_package) by extensions ['colcon_pkg']
[10.395s] Level 1:colcon.colcon_core.package_identification:_identify(src/my_package) by extension 'colcon_pkg'
[10.395s] Level 1:colcon.colcon_core.package_identification:_identify(src/my_package) by extensions ['colcon_meta']
[10.395s] Level 1:colcon.colcon_core.package_identification:_identify(src/my_package) by extension 'colcon_meta'
[10.395s] Level 1:colcon.colcon_core.package_identification:_identify(src/my_package) by extensions ['ros']
[10.395s] Level 1:colcon.colcon_core.package_identification:_identify(src/my_package) by extension 'ros'
[10.401s] DEBUG:colcon.colcon_core.package_identification:Package 'src/my_package' with type 'ros.ament_python' and name 'my_package'
[10.401s] Level 1:colcon.colcon_core.package_identification:_identify(src/publisher_pkg) by extensions ['ignore', 'ignore_ament_install']
[10.401s] Level 1:colcon.colcon_core.package_identification:_identify(src/publisher_pkg) by extension 'ignore'
[10.401s] Level 1:colcon.colcon_core.package_identification:_identify(src/publisher_pkg) by extension 'ignore_ament_install'
[10.401s] Level 1:colcon.colcon_core.package_identification:_identify(src/publisher_pkg) by extensions ['colcon_pkg']
[10.401s] Level 1:colcon.colcon_core.package_identification:_identify(src/publisher_pkg) by extension 'colcon_pkg'
[10.401s] Level 1:colcon.colcon_core.package_identification:_identify(src/publisher_pkg) by extensions ['colcon_meta']
[10.401s] Level 1:colcon.colcon_core.package_identification:_identify(src/publisher_pkg) by extension 'colcon_meta'
[10.401s] Level 1:colcon.colcon_core.package_identification:_identify(src/publisher_pkg) by extensions ['ros']
[10.401s] Level 1:colcon.colcon_core.package_identification:_identify(src/publisher_pkg) by extension 'ros'
[10.403s] DEBUG:colcon.colcon_core.package_identification:Package 'src/publisher_pkg' with type 'ros.ament_python' and name 'publisher_pkg'
[10.403s] Level 1:colcon.colcon_core.package_discovery:discover_packages(recursive) using defaults
[10.403s] Level 1:colcon.colcon_core.package_discovery:discover_packages(ignore) discover
[10.403s] Level 1:colcon.colcon_core.package_discovery:discover_packages(ignore) using defaults
[10.403s] Level 1:colcon.colcon_core.package_discovery:discover_packages(path) discover
[10.403s] Level 1:colcon.colcon_core.package_discovery:discover_packages(path) using defaults
[10.521s] INFO:colcon.colcon_core.package_selection:Skipping not selected package 'my_package' in 'src/my_package'
[10.523s] Level 1:colcon.colcon_core.package_discovery:discover_packages(prefix_path) check parameters
[10.523s] Level 1:colcon.colcon_core.package_discovery:discover_packages(prefix_path) discover
[10.533s] DEBUG:colcon.colcon_installed_package_information.package_discovery:Found 14 installed packages in /home/simulations/ros2_sims_ws/install
[10.535s] DEBUG:colcon.colcon_installed_package_information.package_discovery:Found 1 installed packages in /home/user/ros2_ws/install
[10.540s] DEBUG:colcon.colcon_installed_package_information.package_discovery:Found 417 installed packages in /opt/ros/humble
[10.544s] Level 1:colcon.colcon_core.package_discovery:discover_packages(prefix_path) using defaults
[10.747s] Level 5:colcon.colcon_core.verb:set package 'publisher_pkg' build argument 'cmake_args' from command line to 'None'
[10.747s] Level 5:colcon.colcon_core.verb:set package 'publisher_pkg' build argument 'cmake_target' from command line to 'None'
[10.747s] Level 5:colcon.colcon_core.verb:set package 'publisher_pkg' build argument 'cmake_target_skip_unavailable' from command line to 'False'
[10.747s] Level 5:colcon.colcon_core.verb:set package 'publisher_pkg' build argument 'cmake_clean_cache' from command line to 'False'
[10.747s] Level 5:colcon.colcon_core.verb:set package 'publisher_pkg' build argument 'cmake_clean_first' from command line to 'False'
[10.747s] Level 5:colcon.colcon_core.verb:set package 'publisher_pkg' build argument 'cmake_force_configure' from command line to 'False'
[10.747s] Level 5:colcon.colcon_core.verb:set package 'publisher_pkg' build argument 'meson_args' from command line to '[]'
[10.747s] Level 5:colcon.colcon_core.verb:set package 'publisher_pkg' build argument 'ament_cmake_args' from command line to 'None'
[10.747s] Level 5:colcon.colcon_core.verb:set package 'publisher_pkg' build argument 'catkin_cmake_args' from command line to 'None'
[10.747s] Level 5:colcon.colcon_core.verb:set package 'publisher_pkg' build argument 'catkin_skip_building_tests' from command line to 'False'
[10.747s] DEBUG:colcon.colcon_core.verb:Building package 'publisher_pkg' with the following arguments: {'ament_cmake_args': None, 'build_base': '/home/user/ros2_ws/build/publisher_pkg', 'catkin_cmake_args': None, 'catkin_skip_building_tests': False, 'cmake_args': None, 'cmake_clean_cache': False, 'cmake_clean_first': False, 'cmake_force_configure': False, 'cmake_target': None, 'cmake_target_skip_unavailable': False, 'install_base': '/home/user/ros2_ws/install/publisher_pkg', 'merge_install': False, 'meson_args': [], 'path': '/home/user/ros2_ws/src/publisher_pkg', 'symlink_install': False, 'test_result_base': None}
[10.749s] INFO:colcon.colcon_core.executor:Executing jobs using 'parallel' executor
[10.754s] DEBUG:colcon.colcon_parallel_executor.executor.parallel:run_until_complete
[10.754s] INFO:colcon.colcon_ros.task.ament_python.build:Building ROS package in '/home/user/ros2_ws/src/publisher_pkg' with build type 'ament_python'
[10.754s] Level 1:colcon.colcon_core.shell:create_environment_hook('publisher_pkg', 'ament_prefix_path')
[10.772s] INFO:colcon.colcon_core.plugin_system:Skipping extension 'colcon_core.shell.bat': Not used on non-Windows systems
[10.772s] INFO:colcon.colcon_core.shell:Creating environment hook '/home/user/ros2_ws/install/publisher_pkg/share/publisher_pkg/hook/ament_prefix_path.ps1'
[10.775s] INFO:colcon.colcon_core.shell:Creating environment descriptor '/home/user/ros2_ws/install/publisher_pkg/share/publisher_pkg/hook/ament_prefix_path.dsv'
[10.777s] INFO:colcon.colcon_core.shell:Creating environment hook '/home/user/ros2_ws/install/publisher_pkg/share/publisher_pkg/hook/ament_prefix_path.sh'
[10.781s] INFO:colcon.colcon_core.shell:Skip shell extension 'powershell' for command environment: Not usable outside of PowerShell
[10.781s] DEBUG:colcon.colcon_core.shell:Skip shell extension 'dsv' for command environment
[11.311s] INFO:colcon.colcon_core.task.python.build:Building Python package in '/home/user/ros2_ws/src/publisher_pkg'
[11.314s] INFO:colcon.colcon_core.shell:Skip shell extension 'powershell' for command environment: Not usable outside of PowerShell
[11.314s] DEBUG:colcon.colcon_core.shell:Skip shell extension 'dsv' for command environment
[13.133s] DEBUG:colcon.colcon_core.event_handler.log_command:Invoking command in '/home/user/ros2_ws/src/publisher_pkg': PYTHONPATH=/home/user/ros2_ws/build/publisher_pkg/prefix_override:/home/user/ros2_ws/install/publisher_pkg/lib/python3.10/site-packages:${PYTHONPATH} _=/usr/bin/env /usr/bin/python3 setup.py egg_info --egg-base ../../build/publisher_pkg build --build-base /home/user/ros2_ws/build/publisher_pkg/build install --record /home/user/ros2_ws/build/publisher_pkg/install.log --single-version-externally-managed
[13.745s] DEBUG:colcon.colcon_core.event_handler.log_command:Invoked command in '/home/user/ros2_ws/src/publisher_pkg' returned '0': PYTHONPATH=/home/user/ros2_ws/build/publisher_pkg/prefix_override:/home/user/ros2_ws/install/publisher_pkg/lib/python3.10/site-packages:${PYTHONPATH} _=/usr/bin/env /usr/bin/python3 setup.py egg_info --egg-base ../../build/publisher_pkg build --build-base /home/user/ros2_ws/build/publisher_pkg/build install --record /home/user/ros2_ws/build/publisher_pkg/install.log --single-version-externally-managed
[13.763s] Level 1:colcon.colcon_core.environment:checking '/home/user/ros2_ws/install/publisher_pkg' for CMake module files
[13.764s] Level 1:colcon.colcon_core.environment:checking '/home/user/ros2_ws/install/publisher_pkg' for CMake config files
[13.765s] Level 1:colcon.colcon_core.environment:checking '/home/user/ros2_ws/install/publisher_pkg/lib'
[13.766s] Level 1:colcon.colcon_core.environment:checking '/home/user/ros2_ws/install/publisher_pkg/bin'
[13.766s] Level 1:colcon.colcon_core.environment:checking '/home/user/ros2_ws/install/publisher_pkg/lib/pkgconfig/publisher_pkg.pc'
[13.766s] Level 1:colcon.colcon_core.environment:checking '/home/user/ros2_ws/install/publisher_pkg/lib/python3.10/site-packages'
[13.766s] Level 1:colcon.colcon_core.shell:create_environment_hook('publisher_pkg', 'pythonpath')
[13.769s] INFO:colcon.colcon_core.shell:Creating environment hook '/home/user/ros2_ws/install/publisher_pkg/share/publisher_pkg/hook/pythonpath.ps1'
[13.770s] INFO:colcon.colcon_core.shell:Creating environment descriptor '/home/user/ros2_ws/install/publisher_pkg/share/publisher_pkg/hook/pythonpath.dsv'
[13.771s] INFO:colcon.colcon_core.shell:Creating environment hook '/home/user/ros2_ws/install/publisher_pkg/share/publisher_pkg/hook/pythonpath.sh'
[13.772s] Level 1:colcon.colcon_core.environment:checking '/home/user/ros2_ws/install/publisher_pkg/bin'
[13.772s] Level 1:colcon.colcon_core.environment:create_environment_scripts_only(publisher_pkg)
[13.774s] INFO:colcon.colcon_core.shell:Creating package script '/home/user/ros2_ws/install/publisher_pkg/share/publisher_pkg/package.ps1'
[13.777s] INFO:colcon.colcon_core.shell:Creating package descriptor '/home/user/ros2_ws/install/publisher_pkg/share/publisher_pkg/package.dsv'
[13.778s] INFO:colcon.colcon_core.shell:Creating package script '/home/user/ros2_ws/install/publisher_pkg/share/publisher_pkg/package.sh'
[13.780s] INFO:colcon.colcon_core.shell:Creating package script '/home/user/ros2_ws/install/publisher_pkg/share/publisher_pkg/package.bash'
[13.782s] INFO:colcon.colcon_core.shell:Creating package script '/home/user/ros2_ws/install/publisher_pkg/share/publisher_pkg/package.zsh'
[13.784s] Level 1:colcon.colcon_core.environment:create_file_with_runtime_dependencies(/home/user/ros2_ws/install/publisher_pkg/share/colcon-core/packages/publisher_pkg)
[13.784s] DEBUG:colcon.colcon_parallel_executor.executor.parallel:closing loop
[13.785s] DEBUG:colcon.colcon_parallel_executor.executor.parallel:loop closed
[13.785s] DEBUG:colcon.colcon_parallel_executor.executor.parallel:run_until_complete finished with '0'
[13.785s] DEBUG:colcon.colcon_core.event_reactor:joining thread
[14.009s] INFO:colcon.colcon_core.plugin_system:Skipping extension 'colcon_notification.desktop_notification.notify_send': Could not find 'notify-send'
[14.010s] INFO:colcon.colcon_core.plugin_system:Skipping extension 'colcon_notification.desktop_notification.terminal_notifier': Not used on non-Darwin systems
[14.010s] INFO:colcon.colcon_core.plugin_system:Skipping extension 'colcon_notification.desktop_notification.win32': Not used on non-Windows systems
[14.010s] INFO:colcon.colcon_notification.desktop_notification:Sending desktop notification using 'notify2'
[14.127s] DEBUG:colcon.colcon_notification.desktop_notification.notify2:Failed to initialize notify2: org.freedesktop.DBus.Error.Spawn.ExecFailed: /usr/bin/dbus-launch terminated abnormally without any error message
[14.128s] DEBUG:colcon.colcon_core.event_reactor:joined thread
[14.131s] INFO:colcon.colcon_core.shell:Creating prefix script '/home/user/ros2_ws/install/local_setup.ps1'
[14.136s] INFO:colcon.colcon_core.shell:Creating prefix util module '/home/user/ros2_ws/install/_local_setup_util_ps1.py'
[14.139s] INFO:colcon.colcon_core.shell:Creating prefix chain script '/home/user/ros2_ws/install/setup.ps1'
[14.143s] INFO:colcon.colcon_core.shell:Creating prefix script '/home/user/ros2_ws/install/local_setup.sh'
[14.146s] INFO:colcon.colcon_core.shell:Creating prefix util module '/home/user/ros2_ws/install/_local_setup_util_sh.py'
[14.147s] INFO:colcon.colcon_core.shell:Creating prefix chain script '/home/user/ros2_ws/install/setup.sh'
[14.159s] INFO:colcon.colcon_core.shell:Creating prefix script '/home/user/ros2_ws/install/local_setup.bash'
[14.161s] INFO:colcon.colcon_core.shell:Creating prefix chain script '/home/user/ros2_ws/install/setup.bash'
[14.165s] INFO:colcon.colcon_core.shell:Creating prefix script '/home/user/ros2_ws/install/local_setup.zsh'
[14.167s] INFO:colcon.colcon_core.shell:Creating prefix chain script '/home/user/ros2_ws/install/setup.zsh'
