[0.034s] Invoking command in '/home/user/ros2_ws/build/custom_interfaces': CMAKE_PREFIX_PATH=${CMAKE_PREFIX_PATH}:/home/user/ros2_ws/install/exercise31_pkg:/home/simulations/ros2_sims_ws/install/turtlebot3_teleop:/home/simulations/ros2_sims_ws/install/turtlebot3_example:/home/simulations/ros2_sims_ws/install/services_pkg:/home/user/ros2_ws/install/subscriber_pkg:/home/user/ros2_ws/install/publisher_pkg:/home/user/ros2_ws/install/my_package:/opt/ros/humble _=/usr/bin/env /usr/bin/cmake /home/user/ros2_ws/src/custom_interfaces -DCMAKE_INSTALL_PREFIX=/home/user/ros2_ws/install/custom_interfaces
[0.129s] -- The C compiler identification is GNU 11.2.0
[0.225s] -- The CXX compiler identification is GNU 11.2.0
[0.236s] -- Detecting C compiler ABI info
[0.363s] -- Detecting C compiler ABI info - done
[0.377s] -- Check for working C compiler: /usr/bin/cc - skipped
[0.377s] -- Detecting C compile features
[0.378s] -- Detecting C compile features - done
[0.382s] -- Detecting CXX compiler ABI info
[0.505s] -- Detecting CXX compiler ABI info - done
[0.521s] -- Check for working CXX compiler: /usr/bin/c++ - skipped
[0.521s] -- Detecting CXX compile features
[0.522s] -- Detecting CXX compile features - done
[0.532s] -- Found ament_cmake: 1.3.2 (/opt/ros/humble/share/ament_cmake/cmake)
[0.837s] -- Found Python3: /usr/bin/python3.10 (found version "3.10.6") found components: Interpreter 
[1.047s] -- Found rclcpp: 16.0.1 (/opt/ros/humble/share/rclcpp/cmake)
[1.195s] -- Found rosidl_generator_c: 3.1.3 (/opt/ros/humble/share/rosidl_generator_c/cmake)
[1.215s] -- Found rosidl_adapter: 3.1.3 (/opt/ros/humble/share/rosidl_adapter/cmake)
[1.242s] -- Found rosidl_generator_cpp: 3.1.3 (/opt/ros/humble/share/rosidl_generator_cpp/cmake)
[1.272s] -- Using all available rosidl_typesupport_c: rosidl_typesupport_fastrtps_c;rosidl_typesupport_introspection_c
[1.324s] -- Using all available rosidl_typesupport_cpp: rosidl_typesupport_fastrtps_cpp;rosidl_typesupport_introspection_cpp
[1.484s] -- Found rmw_implementation_cmake: 6.1.0 (/opt/ros/humble/share/rmw_implementation_cmake/cmake)
[1.495s] -- Found rmw_fastrtps_cpp: 6.2.1 (/opt/ros/humble/share/rmw_fastrtps_cpp/cmake)
[1.707s] -- Found OpenSSL: /usr/lib/x86_64-linux-gnu/libcrypto.so (found version "3.0.2")  
[1.773s] -- Found FastRTPS: /opt/ros/humble/include  
[1.887s] -- Using RMW implementation 'rmw_fastrtps_cpp' as default
[2.230s] -- Found rosidl_default_generators: 1.2.0 (/opt/ros/humble/share/rosidl_default_generators/cmake)
[2.267s] -- Found ament_lint_auto: 0.12.4 (/opt/ros/humble/share/ament_lint_auto/cmake)
[2.766s] -- Found ament_cmake_ros: 0.10.0 (/opt/ros/humble/share/ament_cmake_ros/cmake)
[3.342s] -- Using all available rosidl_typesupport_c: rosidl_typesupport_fastrtps_c;rosidl_typesupport_introspection_c
[3.552s] -- Using all available rosidl_typesupport_cpp: rosidl_typesupport_fastrtps_cpp;rosidl_typesupport_introspection_cpp
[3.593s] -- Found PythonInterp: /usr/bin/python3 (found suitable version "3.10.6", minimum required is "3.6") 
[3.609s] -- Found python_cmake_module: 0.10.0 (/opt/ros/humble/share/python_cmake_module/cmake)
[3.654s] -- Found PythonLibs: /usr/lib/x86_64-linux-gnu/libpython3.10.so (found suitable version "3.10.6", minimum required is "3.5") 
[3.655s] -- Using PYTHON_EXECUTABLE: /usr/bin/python3
[3.655s] -- Using PYTHON_INCLUDE_DIRS: /usr/include/python3.10
[3.655s] -- Using PYTHON_LIBRARIES: /usr/lib/x86_64-linux-gnu/libpython3.10.so
[3.694s] -- Found PythonExtra: .so  
[3.775s] -- Added test 'lint_cmake' to check CMake code style
[3.778s] -- Added test 'xmllint' to check XML markup files
[3.800s] -- Configuring done
[3.856s] -- Generating done
[3.861s] -- Build files have been written to: /home/user/ros2_ws/build/custom_interfaces
[3.884s] Invoked command in '/home/user/ros2_ws/build/custom_interfaces' returned '0': CMAKE_PREFIX_PATH=${CMAKE_PREFIX_PATH}:/home/user/ros2_ws/install/exercise31_pkg:/home/simulations/ros2_sims_ws/install/turtlebot3_teleop:/home/simulations/ros2_sims_ws/install/turtlebot3_example:/home/simulations/ros2_sims_ws/install/services_pkg:/home/user/ros2_ws/install/subscriber_pkg:/home/user/ros2_ws/install/publisher_pkg:/home/user/ros2_ws/install/my_package:/opt/ros/humble _=/usr/bin/env /usr/bin/cmake /home/user/ros2_ws/src/custom_interfaces -DCMAKE_INSTALL_PREFIX=/home/user/ros2_ws/install/custom_interfaces
[3.884s] Invoking command in '/home/user/ros2_ws/build/custom_interfaces': CMAKE_PREFIX_PATH=${CMAKE_PREFIX_PATH}:/home/user/ros2_ws/install/exercise31_pkg:/home/simulations/ros2_sims_ws/install/turtlebot3_teleop:/home/simulations/ros2_sims_ws/install/turtlebot3_example:/home/simulations/ros2_sims_ws/install/services_pkg:/home/user/ros2_ws/install/subscriber_pkg:/home/user/ros2_ws/install/publisher_pkg:/home/user/ros2_ws/install/my_package:/opt/ros/humble _=/usr/bin/env /usr/bin/cmake --build /home/user/ros2_ws/build/custom_interfaces -- -j8 -l8
[3.982s] [  3%] [34m[1mGenerating C++ code for ROS interfaces[0m
[4.427s] [  3%] Built target custom_interfaces__cpp
[4.480s] [  3%] Built target ament_cmake_python_copy_custom_interfaces
[4.496s] [  6%] [34m[1mGenerating C++ introspection for ROS interfaces[0m
[4.876s] [  9%] [32mBuilding CXX object CMakeFiles/custom_interfaces__rosidl_typesupport_introspection_cpp.dir/rosidl_typesupport_introspection_cpp/custom_interfaces/msg/detail/age__type_support.cpp.o[0m
[5.689s] [ 12%] [32m[1mLinking CXX shared library libcustom_interfaces__rosidl_typesupport_introspection_cpp.so[0m
[5.756s] [ 12%] Built target custom_interfaces__rosidl_typesupport_introspection_cpp
[6.205s] running egg_info
[6.206s] creating custom_interfaces.egg-info
[6.206s] writing custom_interfaces.egg-info/PKG-INFO
[6.206s] writing dependency_links to custom_interfaces.egg-info/dependency_links.txt
[6.207s] writing top-level names to custom_interfaces.egg-info/top_level.txt
[6.207s] writing manifest file 'custom_interfaces.egg-info/SOURCES.txt'
[6.210s] reading manifest file 'custom_interfaces.egg-info/SOURCES.txt'
[6.211s] writing manifest file 'custom_interfaces.egg-info/SOURCES.txt'
[6.253s] [ 12%] Built target ament_cmake_python_build_custom_interfaces_egg
[6.270s] [ 16%] [34m[1mGenerating C++ type support for eProsima Fast-RTPS[0m
[6.707s] [ 19%] [32mBuilding CXX object CMakeFiles/custom_interfaces__rosidl_typesupport_fastrtps_cpp.dir/rosidl_typesupport_fastrtps_cpp/custom_interfaces/msg/detail/dds_fastrtps/age__type_support.cpp.o[0m
[7.319s] [ 22%] [32m[1mLinking CXX shared library libcustom_interfaces__rosidl_typesupport_fastrtps_cpp.so[0m
[7.436s] [ 22%] Built target custom_interfaces__rosidl_typesupport_fastrtps_cpp
[7.449s] [ 25%] [34m[1mGenerating C++ type support dispatch for ROS interfaces[0m
[7.807s] [ 29%] [32mBuilding CXX object CMakeFiles/custom_interfaces__rosidl_typesupport_cpp.dir/rosidl_typesupport_cpp/custom_interfaces/msg/age__type_support.cpp.o[0m
[8.224s] [ 32%] [32m[1mLinking CXX shared library libcustom_interfaces__rosidl_typesupport_cpp.so[0m
[8.282s] [ 32%] Built target custom_interfaces__rosidl_typesupport_cpp
[8.303s] [ 35%] [34m[1mGenerating C code for ROS interfaces[0m
[8.781s] [ 38%] [32mBuilding C object CMakeFiles/custom_interfaces__rosidl_generator_c.dir/rosidl_generator_c/custom_interfaces/msg/detail/age__functions.c.o[0m
[8.984s] [ 41%] [32m[1mLinking C shared library libcustom_interfaces__rosidl_generator_c.so[0m
[9.041s] [ 41%] Built target custom_interfaces__rosidl_generator_c
[9.054s] [ 45%] [34m[1mGenerating C type support for eProsima Fast-RTPS[0m
[9.470s] [ 48%] [32mBuilding CXX object CMakeFiles/custom_interfaces__rosidl_typesupport_fastrtps_c.dir/rosidl_typesupport_fastrtps_c/custom_interfaces/msg/detail/age__type_support_c.cpp.o[0m
[9.944s] [ 51%] [32m[1mLinking CXX shared library libcustom_interfaces__rosidl_typesupport_fastrtps_c.so[0m
[10.055s] [ 51%] Built target custom_interfaces__rosidl_typesupport_fastrtps_c
[10.073s] [ 54%] [34m[1mGenerating C type support dispatch for ROS interfaces[0m
[10.428s] [ 58%] [32mBuilding CXX object CMakeFiles/custom_interfaces__rosidl_typesupport_c.dir/rosidl_typesupport_c/custom_interfaces/msg/age__type_support.cpp.o[0m
[10.472s] [ 61%] [32m[1mLinking CXX shared library libcustom_interfaces__rosidl_typesupport_c.so[0m
[10.535s] [ 61%] Built target custom_interfaces__rosidl_typesupport_c
[10.548s] [ 64%] [34m[1mGenerating C introspection for ROS interfaces[0m
[10.970s] [ 67%] [32mBuilding C object CMakeFiles/custom_interfaces__rosidl_typesupport_introspection_c.dir/rosidl_typesupport_introspection_c/custom_interfaces/msg/detail/age__type_support.c.o[0m
[11.024s] [ 70%] [32m[1mLinking C shared library libcustom_interfaces__rosidl_typesupport_introspection_c.so[0m
[11.076s] [ 70%] Built target custom_interfaces__rosidl_typesupport_introspection_c
[11.108s] [ 70%] Built target custom_interfaces
[11.145s] [ 74%] [34m[1mGenerating Python code for ROS interfaces[0m
[11.816s] [ 74%] Built target custom_interfaces__py
[11.852s] [ 77%] [32mBuilding C object CMakeFiles/custom_interfaces__rosidl_generator_py.dir/rosidl_generator_py/custom_interfaces/msg/_age_s.c.o[0m
[12.207s] [ 80%] [32m[1mLinking C shared library rosidl_generator_py/custom_interfaces/libcustom_interfaces__rosidl_generator_py.so[0m
[12.280s] [ 80%] Built target custom_interfaces__rosidl_generator_py
[12.310s] [ 83%] [32mBuilding C object CMakeFiles/custom_interfaces__rosidl_typesupport_fastrtps_c__pyext.dir/rosidl_generator_py/custom_interfaces/_custom_interfaces_s.ep.rosidl_typesupport_fastrtps_c.c.o[0m
[12.489s] [ 87%] [32m[1mLinking C shared library rosidl_generator_py/custom_interfaces/custom_interfaces_s__rosidl_typesupport_fastrtps_c.cpython-310-x86_64-linux-gnu.so[0m
[12.538s] [ 87%] Built target custom_interfaces__rosidl_typesupport_fastrtps_c__pyext
[12.572s] [ 90%] [32mBuilding C object CMakeFiles/custom_interfaces__rosidl_typesupport_c__pyext.dir/rosidl_generator_py/custom_interfaces/_custom_interfaces_s.ep.rosidl_typesupport_c.c.o[0m
[12.725s] [ 93%] [32m[1mLinking C shared library rosidl_generator_py/custom_interfaces/custom_interfaces_s__rosidl_typesupport_c.cpython-310-x86_64-linux-gnu.so[0m
[12.776s] [ 93%] Built target custom_interfaces__rosidl_typesupport_c__pyext
[12.823s] [ 96%] [32mBuilding C object CMakeFiles/custom_interfaces__rosidl_typesupport_introspection_c__pyext.dir/rosidl_generator_py/custom_interfaces/_custom_interfaces_s.ep.rosidl_typesupport_introspection_c.c.o[0m
[12.985s] [100%] [32m[1mLinking C shared library rosidl_generator_py/custom_interfaces/custom_interfaces_s__rosidl_typesupport_introspection_c.cpython-310-x86_64-linux-gnu.so[0m
[13.049s] [100%] Built target custom_interfaces__rosidl_typesupport_introspection_c__pyext
[13.065s] Invoked command in '/home/user/ros2_ws/build/custom_interfaces' returned '0': CMAKE_PREFIX_PATH=${CMAKE_PREFIX_PATH}:/home/user/ros2_ws/install/exercise31_pkg:/home/simulations/ros2_sims_ws/install/turtlebot3_teleop:/home/simulations/ros2_sims_ws/install/turtlebot3_example:/home/simulations/ros2_sims_ws/install/services_pkg:/home/user/ros2_ws/install/subscriber_pkg:/home/user/ros2_ws/install/publisher_pkg:/home/user/ros2_ws/install/my_package:/opt/ros/humble _=/usr/bin/env /usr/bin/cmake --build /home/user/ros2_ws/build/custom_interfaces -- -j8 -l8
[13.258s] Invoking command in '/home/user/ros2_ws/build/custom_interfaces': CMAKE_PREFIX_PATH=${CMAKE_PREFIX_PATH}:/home/user/ros2_ws/install/exercise31_pkg:/home/simulations/ros2_sims_ws/install/turtlebot3_teleop:/home/simulations/ros2_sims_ws/install/turtlebot3_example:/home/simulations/ros2_sims_ws/install/services_pkg:/home/user/ros2_ws/install/subscriber_pkg:/home/user/ros2_ws/install/publisher_pkg:/home/user/ros2_ws/install/my_package:/opt/ros/humble _=/usr/bin/env /usr/bin/cmake --install /home/user/ros2_ws/build/custom_interfaces
[13.269s] -- Install configuration: ""
[13.270s] -- Installing: /home/user/ros2_ws/install/custom_interfaces/share/ament_index/resource_index/rosidl_interfaces/custom_interfaces
[13.270s] -- Installing: /home/user/ros2_ws/install/custom_interfaces/include/custom_interfaces/custom_interfaces
[13.270s] -- Installing: /home/user/ros2_ws/install/custom_interfaces/include/custom_interfaces/custom_interfaces/msg
[13.270s] -- Installing: /home/user/ros2_ws/install/custom_interfaces/include/custom_interfaces/custom_interfaces/msg/detail
[13.270s] -- Installing: /home/user/ros2_ws/install/custom_interfaces/include/custom_interfaces/custom_interfaces/msg/detail/age__functions.c
[13.271s] -- Installing: /home/user/ros2_ws/install/custom_interfaces/include/custom_interfaces/custom_interfaces/msg/detail/age__struct.h
[13.271s] -- Installing: /home/user/ros2_ws/install/custom_interfaces/include/custom_interfaces/custom_interfaces/msg/detail/age__functions.h
[13.271s] -- Installing: /home/user/ros2_ws/install/custom_interfaces/include/custom_interfaces/custom_interfaces/msg/detail/age__type_support.h
[13.271s] -- Installing: /home/user/ros2_ws/install/custom_interfaces/include/custom_interfaces/custom_interfaces/msg/rosidl_generator_c__visibility_control.h
[13.271s] -- Installing: /home/user/ros2_ws/install/custom_interfaces/include/custom_interfaces/custom_interfaces/msg/age.h
[13.272s] -- Installing: /home/user/ros2_ws/install/custom_interfaces/share/custom_interfaces/environment/library_path.sh
[13.272s] -- Installing: /home/user/ros2_ws/install/custom_interfaces/share/custom_interfaces/environment/library_path.dsv
[13.272s] -- Installing: /home/user/ros2_ws/install/custom_interfaces/lib/libcustom_interfaces__rosidl_generator_c.so
[13.273s] -- Set runtime path of "/home/user/ros2_ws/install/custom_interfaces/lib/libcustom_interfaces__rosidl_generator_c.so" to ""
[13.273s] -- Up-to-date: /home/user/ros2_ws/install/custom_interfaces/include/custom_interfaces/custom_interfaces
[13.273s] -- Up-to-date: /home/user/ros2_ws/install/custom_interfaces/include/custom_interfaces/custom_interfaces/msg
[13.273s] -- Up-to-date: /home/user/ros2_ws/install/custom_interfaces/include/custom_interfaces/custom_interfaces/msg/detail
[13.274s] -- Installing: /home/user/ros2_ws/install/custom_interfaces/include/custom_interfaces/custom_interfaces/msg/detail/age__rosidl_typesupport_fastrtps_c.h
[13.274s] -- Installing: /home/user/ros2_ws/install/custom_interfaces/include/custom_interfaces/custom_interfaces/msg/rosidl_typesupport_fastrtps_c__visibility_control.h
[13.274s] -- Installing: /home/user/ros2_ws/install/custom_interfaces/lib/libcustom_interfaces__rosidl_typesupport_fastrtps_c.so
[13.274s] -- Set runtime path of "/home/user/ros2_ws/install/custom_interfaces/lib/libcustom_interfaces__rosidl_typesupport_fastrtps_c.so" to ""
[13.274s] -- Up-to-date: /home/user/ros2_ws/install/custom_interfaces/include/custom_interfaces/custom_interfaces
[13.275s] -- Up-to-date: /home/user/ros2_ws/install/custom_interfaces/include/custom_interfaces/custom_interfaces/msg
[13.275s] -- Up-to-date: /home/user/ros2_ws/install/custom_interfaces/include/custom_interfaces/custom_interfaces/msg/detail
[13.275s] -- Installing: /home/user/ros2_ws/install/custom_interfaces/include/custom_interfaces/custom_interfaces/msg/detail/age__traits.hpp
[13.275s] -- Installing: /home/user/ros2_ws/install/custom_interfaces/include/custom_interfaces/custom_interfaces/msg/detail/age__struct.hpp
[13.275s] -- Installing: /home/user/ros2_ws/install/custom_interfaces/include/custom_interfaces/custom_interfaces/msg/detail/age__builder.hpp
[13.275s] -- Installing: /home/user/ros2_ws/install/custom_interfaces/include/custom_interfaces/custom_interfaces/msg/age.hpp
[13.275s] -- Up-to-date: /home/user/ros2_ws/install/custom_interfaces/include/custom_interfaces/custom_interfaces
[13.276s] -- Up-to-date: /home/user/ros2_ws/install/custom_interfaces/include/custom_interfaces/custom_interfaces/msg
[13.276s] -- Up-to-date: /home/user/ros2_ws/install/custom_interfaces/include/custom_interfaces/custom_interfaces/msg/detail
[13.276s] -- Installing: /home/user/ros2_ws/install/custom_interfaces/include/custom_interfaces/custom_interfaces/msg/detail/age__rosidl_typesupport_fastrtps_cpp.hpp
[13.276s] -- Installing: /home/user/ros2_ws/install/custom_interfaces/include/custom_interfaces/custom_interfaces/msg/detail/dds_fastrtps
[13.276s] -- Installing: /home/user/ros2_ws/install/custom_interfaces/include/custom_interfaces/custom_interfaces/msg/rosidl_typesupport_fastrtps_cpp__visibility_control.h
[13.276s] -- Installing: /home/user/ros2_ws/install/custom_interfaces/lib/libcustom_interfaces__rosidl_typesupport_fastrtps_cpp.so
[13.277s] -- Set runtime path of "/home/user/ros2_ws/install/custom_interfaces/lib/libcustom_interfaces__rosidl_typesupport_fastrtps_cpp.so" to ""
[13.277s] -- Up-to-date: /home/user/ros2_ws/install/custom_interfaces/include/custom_interfaces/custom_interfaces
[13.277s] -- Up-to-date: /home/user/ros2_ws/install/custom_interfaces/include/custom_interfaces/custom_interfaces/msg
[13.277s] -- Up-to-date: /home/user/ros2_ws/install/custom_interfaces/include/custom_interfaces/custom_interfaces/msg/detail
[13.278s] -- Installing: /home/user/ros2_ws/install/custom_interfaces/include/custom_interfaces/custom_interfaces/msg/detail/age__type_support.c
[13.278s] -- Installing: /home/user/ros2_ws/install/custom_interfaces/include/custom_interfaces/custom_interfaces/msg/detail/age__rosidl_typesupport_introspection_c.h
[13.278s] -- Installing: /home/user/ros2_ws/install/custom_interfaces/include/custom_interfaces/custom_interfaces/msg/rosidl_typesupport_introspection_c__visibility_control.h
[13.278s] -- Installing: /home/user/ros2_ws/install/custom_interfaces/lib/libcustom_interfaces__rosidl_typesupport_introspection_c.so
[13.279s] -- Set runtime path of "/home/user/ros2_ws/install/custom_interfaces/lib/libcustom_interfaces__rosidl_typesupport_introspection_c.so" to ""
[13.279s] -- Installing: /home/user/ros2_ws/install/custom_interfaces/lib/libcustom_interfaces__rosidl_typesupport_c.so
[13.279s] -- Set runtime path of "/home/user/ros2_ws/install/custom_interfaces/lib/libcustom_interfaces__rosidl_typesupport_c.so" to ""
[13.279s] -- Up-to-date: /home/user/ros2_ws/install/custom_interfaces/include/custom_interfaces/custom_interfaces
[13.280s] -- Up-to-date: /home/user/ros2_ws/install/custom_interfaces/include/custom_interfaces/custom_interfaces/msg
[13.280s] -- Up-to-date: /home/user/ros2_ws/install/custom_interfaces/include/custom_interfaces/custom_interfaces/msg/detail
[13.280s] -- Installing: /home/user/ros2_ws/install/custom_interfaces/include/custom_interfaces/custom_interfaces/msg/detail/age__rosidl_typesupport_introspection_cpp.hpp
[13.280s] -- Installing: /home/user/ros2_ws/install/custom_interfaces/include/custom_interfaces/custom_interfaces/msg/detail/age__type_support.cpp
[13.280s] -- Installing: /home/user/ros2_ws/install/custom_interfaces/lib/libcustom_interfaces__rosidl_typesupport_introspection_cpp.so
[13.280s] -- Set runtime path of "/home/user/ros2_ws/install/custom_interfaces/lib/libcustom_interfaces__rosidl_typesupport_introspection_cpp.so" to ""
[13.280s] -- Installing: /home/user/ros2_ws/install/custom_interfaces/lib/libcustom_interfaces__rosidl_typesupport_cpp.so
[13.281s] -- Set runtime path of "/home/user/ros2_ws/install/custom_interfaces/lib/libcustom_interfaces__rosidl_typesupport_cpp.so" to ""
[13.281s] -- Installing: /home/user/ros2_ws/install/custom_interfaces/share/custom_interfaces/environment/pythonpath.sh
[13.281s] -- Installing: /home/user/ros2_ws/install/custom_interfaces/share/custom_interfaces/environment/pythonpath.dsv
[13.282s] -- Installing: /home/user/ros2_ws/install/custom_interfaces/local/lib/python3.10/dist-packages/custom_interfaces-0.0.0-py3.10.egg-info
[13.282s] -- Installing: /home/user/ros2_ws/install/custom_interfaces/local/lib/python3.10/dist-packages/custom_interfaces-0.0.0-py3.10.egg-info/PKG-INFO
[13.282s] -- Installing: /home/user/ros2_ws/install/custom_interfaces/local/lib/python3.10/dist-packages/custom_interfaces-0.0.0-py3.10.egg-info/top_level.txt
[13.284s] -- Installing: /home/user/ros2_ws/install/custom_interfaces/local/lib/python3.10/dist-packages/custom_interfaces-0.0.0-py3.10.egg-info/SOURCES.txt
[13.284s] -- Installing: /home/user/ros2_ws/install/custom_interfaces/local/lib/python3.10/dist-packages/custom_interfaces-0.0.0-py3.10.egg-info/dependency_links.txt
[13.284s] -- Installing: /home/user/ros2_ws/install/custom_interfaces/local/lib/python3.10/dist-packages/custom_interfaces
[13.284s] -- Installing: /home/user/ros2_ws/install/custom_interfaces/local/lib/python3.10/dist-packages/custom_interfaces/custom_interfaces_s__rosidl_typesupport_introspection_c.cpython-310-x86_64-linux-gnu.so
[13.285s] -- Installing: /home/user/ros2_ws/install/custom_interfaces/local/lib/python3.10/dist-packages/custom_interfaces/msg
[13.285s] -- Installing: /home/user/ros2_ws/install/custom_interfaces/local/lib/python3.10/dist-packages/custom_interfaces/msg/_age_s.c
[13.285s] -- Installing: /home/user/ros2_ws/install/custom_interfaces/local/lib/python3.10/dist-packages/custom_interfaces/msg/_age.py
[13.285s] -- Installing: /home/user/ros2_ws/install/custom_interfaces/local/lib/python3.10/dist-packages/custom_interfaces/msg/__init__.py
[13.286s] -- Installing: /home/user/ros2_ws/install/custom_interfaces/local/lib/python3.10/dist-packages/custom_interfaces/_custom_interfaces_s.ep.rosidl_typesupport_introspection_c.c
[13.286s] -- Installing: /home/user/ros2_ws/install/custom_interfaces/local/lib/python3.10/dist-packages/custom_interfaces/libcustom_interfaces__rosidl_generator_py.so
[13.286s] -- Installing: /home/user/ros2_ws/install/custom_interfaces/local/lib/python3.10/dist-packages/custom_interfaces/_custom_interfaces_s.ep.rosidl_typesupport_c.c
[13.286s] -- Installing: /home/user/ros2_ws/install/custom_interfaces/local/lib/python3.10/dist-packages/custom_interfaces/__init__.py
[13.286s] -- Installing: /home/user/ros2_ws/install/custom_interfaces/local/lib/python3.10/dist-packages/custom_interfaces/custom_interfaces_s__rosidl_typesupport_c.cpython-310-x86_64-linux-gnu.so
[13.286s] -- Installing: /home/user/ros2_ws/install/custom_interfaces/local/lib/python3.10/dist-packages/custom_interfaces/_custom_interfaces_s.ep.rosidl_typesupport_fastrtps_c.c
[13.286s] -- Installing: /home/user/ros2_ws/install/custom_interfaces/local/lib/python3.10/dist-packages/custom_interfaces/custom_interfaces_s__rosidl_typesupport_fastrtps_c.cpython-310-x86_64-linux-gnu.so
[13.349s] Listing '/home/user/ros2_ws/install/custom_interfaces/local/lib/python3.10/dist-packages/custom_interfaces'...
[13.349s] Compiling '/home/user/ros2_ws/install/custom_interfaces/local/lib/python3.10/dist-packages/custom_interfaces/__init__.py'...
[13.349s] Listing '/home/user/ros2_ws/install/custom_interfaces/local/lib/python3.10/dist-packages/custom_interfaces/msg'...
[13.349s] Compiling '/home/user/ros2_ws/install/custom_interfaces/local/lib/python3.10/dist-packages/custom_interfaces/msg/__init__.py'...
[13.349s] Compiling '/home/user/ros2_ws/install/custom_interfaces/local/lib/python3.10/dist-packages/custom_interfaces/msg/_age.py'...
[13.354s] -- Installing: /home/user/ros2_ws/install/custom_interfaces/local/lib/python3.10/dist-packages/custom_interfaces/custom_interfaces_s__rosidl_typesupport_fastrtps_c.cpython-310-x86_64-linux-gnu.so
[13.355s] -- Set runtime path of "/home/user/ros2_ws/install/custom_interfaces/local/lib/python3.10/dist-packages/custom_interfaces/custom_interfaces_s__rosidl_typesupport_fastrtps_c.cpython-310-x86_64-linux-gnu.so" to ""
[13.355s] -- Installing: /home/user/ros2_ws/install/custom_interfaces/local/lib/python3.10/dist-packages/custom_interfaces/custom_interfaces_s__rosidl_typesupport_introspection_c.cpython-310-x86_64-linux-gnu.so
[13.356s] -- Set runtime path of "/home/user/ros2_ws/install/custom_interfaces/local/lib/python3.10/dist-packages/custom_interfaces/custom_interfaces_s__rosidl_typesupport_introspection_c.cpython-310-x86_64-linux-gnu.so" to ""
[13.356s] -- Installing: /home/user/ros2_ws/install/custom_interfaces/local/lib/python3.10/dist-packages/custom_interfaces/custom_interfaces_s__rosidl_typesupport_c.cpython-310-x86_64-linux-gnu.so
[13.357s] -- Set runtime path of "/home/user/ros2_ws/install/custom_interfaces/local/lib/python3.10/dist-packages/custom_interfaces/custom_interfaces_s__rosidl_typesupport_c.cpython-310-x86_64-linux-gnu.so" to ""
[13.357s] -- Installing: /home/user/ros2_ws/install/custom_interfaces/lib/libcustom_interfaces__rosidl_generator_py.so
[13.357s] -- Set runtime path of "/home/user/ros2_ws/install/custom_interfaces/lib/libcustom_interfaces__rosidl_generator_py.so" to ""
[13.357s] -- Installing: /home/user/ros2_ws/install/custom_interfaces/share/custom_interfaces/msg/Age.idl
[13.357s] -- Installing: /home/user/ros2_ws/install/custom_interfaces/share/custom_interfaces/msg/Age.msg
[13.358s] -- Installing: /home/user/ros2_ws/install/custom_interfaces/share/ament_index/resource_index/package_run_dependencies/custom_interfaces
[13.358s] -- Installing: /home/user/ros2_ws/install/custom_interfaces/share/ament_index/resource_index/parent_prefix_path/custom_interfaces
[13.358s] -- Installing: /home/user/ros2_ws/install/custom_interfaces/share/custom_interfaces/environment/ament_prefix_path.sh
[13.359s] -- Installing: /home/user/ros2_ws/install/custom_interfaces/share/custom_interfaces/environment/ament_prefix_path.dsv
[13.359s] -- Installing: /home/user/ros2_ws/install/custom_interfaces/share/custom_interfaces/environment/path.sh
[13.359s] -- Installing: /home/user/ros2_ws/install/custom_interfaces/share/custom_interfaces/environment/path.dsv
[13.359s] -- Installing: /home/user/ros2_ws/install/custom_interfaces/share/custom_interfaces/local_setup.bash
[13.360s] -- Installing: /home/user/ros2_ws/install/custom_interfaces/share/custom_interfaces/local_setup.sh
[13.360s] -- Installing: /home/user/ros2_ws/install/custom_interfaces/share/custom_interfaces/local_setup.zsh
[13.360s] -- Installing: /home/user/ros2_ws/install/custom_interfaces/share/custom_interfaces/local_setup.dsv
[13.360s] -- Installing: /home/user/ros2_ws/install/custom_interfaces/share/custom_interfaces/package.dsv
[13.361s] -- Installing: /home/user/ros2_ws/install/custom_interfaces/share/ament_index/resource_index/packages/custom_interfaces
[13.361s] -- Installing: /home/user/ros2_ws/install/custom_interfaces/share/custom_interfaces/cmake/export_custom_interfaces__rosidl_generator_cExport.cmake
[13.361s] -- Installing: /home/user/ros2_ws/install/custom_interfaces/share/custom_interfaces/cmake/export_custom_interfaces__rosidl_generator_cExport-noconfig.cmake
[13.362s] -- Installing: /home/user/ros2_ws/install/custom_interfaces/share/custom_interfaces/cmake/export_custom_interfaces__rosidl_typesupport_fastrtps_cExport.cmake
[13.362s] -- Installing: /home/user/ros2_ws/install/custom_interfaces/share/custom_interfaces/cmake/export_custom_interfaces__rosidl_typesupport_fastrtps_cExport-noconfig.cmake
[13.362s] -- Installing: /home/user/ros2_ws/install/custom_interfaces/share/custom_interfaces/cmake/export_custom_interfaces__rosidl_generator_cppExport.cmake
[13.363s] -- Installing: /home/user/ros2_ws/install/custom_interfaces/share/custom_interfaces/cmake/export_custom_interfaces__rosidl_typesupport_fastrtps_cppExport.cmake
[13.363s] -- Installing: /home/user/ros2_ws/install/custom_interfaces/share/custom_interfaces/cmake/export_custom_interfaces__rosidl_typesupport_fastrtps_cppExport-noconfig.cmake
[13.363s] -- Installing: /home/user/ros2_ws/install/custom_interfaces/share/custom_interfaces/cmake/custom_interfaces__rosidl_typesupport_introspection_cExport.cmake
[13.364s] -- Installing: /home/user/ros2_ws/install/custom_interfaces/share/custom_interfaces/cmake/custom_interfaces__rosidl_typesupport_introspection_cExport-noconfig.cmake
[13.364s] -- Installing: /home/user/ros2_ws/install/custom_interfaces/share/custom_interfaces/cmake/custom_interfaces__rosidl_typesupport_cExport.cmake
[13.364s] -- Installing: /home/user/ros2_ws/install/custom_interfaces/share/custom_interfaces/cmake/custom_interfaces__rosidl_typesupport_cExport-noconfig.cmake
[13.364s] -- Installing: /home/user/ros2_ws/install/custom_interfaces/share/custom_interfaces/cmake/custom_interfaces__rosidl_typesupport_introspection_cppExport.cmake
[13.365s] -- Installing: /home/user/ros2_ws/install/custom_interfaces/share/custom_interfaces/cmake/custom_interfaces__rosidl_typesupport_introspection_cppExport-noconfig.cmake
[13.365s] -- Installing: /home/user/ros2_ws/install/custom_interfaces/share/custom_interfaces/cmake/custom_interfaces__rosidl_typesupport_cppExport.cmake
[13.365s] -- Installing: /home/user/ros2_ws/install/custom_interfaces/share/custom_interfaces/cmake/custom_interfaces__rosidl_typesupport_cppExport-noconfig.cmake
[13.366s] -- Installing: /home/user/ros2_ws/install/custom_interfaces/share/custom_interfaces/cmake/export_custom_interfaces__rosidl_generator_pyExport.cmake
[13.366s] -- Installing: /home/user/ros2_ws/install/custom_interfaces/share/custom_interfaces/cmake/export_custom_interfaces__rosidl_generator_pyExport-noconfig.cmake
[13.366s] -- Installing: /home/user/ros2_ws/install/custom_interfaces/share/custom_interfaces/cmake/rosidl_cmake-extras.cmake
[13.366s] -- Installing: /home/user/ros2_ws/install/custom_interfaces/share/custom_interfaces/cmake/ament_cmake_export_include_directories-extras.cmake
[13.367s] -- Installing: /home/user/ros2_ws/install/custom_interfaces/share/custom_interfaces/cmake/ament_cmake_export_libraries-extras.cmake
[13.367s] -- Installing: /home/user/ros2_ws/install/custom_interfaces/share/custom_interfaces/cmake/ament_cmake_export_targets-extras.cmake
[13.368s] -- Installing: /home/user/ros2_ws/install/custom_interfaces/share/custom_interfaces/cmake/rosidl_cmake_export_typesupport_targets-extras.cmake
[13.368s] -- Installing: /home/user/ros2_ws/install/custom_interfaces/share/custom_interfaces/cmake/ament_cmake_export_dependencies-extras.cmake
[13.368s] -- Installing: /home/user/ros2_ws/install/custom_interfaces/share/custom_interfaces/cmake/rosidl_cmake_export_typesupport_libraries-extras.cmake
[13.368s] -- Installing: /home/user/ros2_ws/install/custom_interfaces/share/custom_interfaces/cmake/custom_interfacesConfig.cmake
[13.368s] -- Installing: /home/user/ros2_ws/install/custom_interfaces/share/custom_interfaces/cmake/custom_interfacesConfig-version.cmake
[13.369s] -- Installing: /home/user/ros2_ws/install/custom_interfaces/share/custom_interfaces/package.xml
[13.372s] Invoked command in '/home/user/ros2_ws/build/custom_interfaces' returned '0': CMAKE_PREFIX_PATH=${CMAKE_PREFIX_PATH}:/home/user/ros2_ws/install/exercise31_pkg:/home/simulations/ros2_sims_ws/install/turtlebot3_teleop:/home/simulations/ros2_sims_ws/install/turtlebot3_example:/home/simulations/ros2_sims_ws/install/services_pkg:/home/user/ros2_ws/install/subscriber_pkg:/home/user/ros2_ws/install/publisher_pkg:/home/user/ros2_ws/install/my_package:/opt/ros/humble _=/usr/bin/env /usr/bin/cmake --install /home/user/ros2_ws/build/custom_interfaces
