[1.364s] Invoking command in '/home/user/ros2_ws/src/my_action_server': PYTHONPATH=/home/user/ros2_ws/build/my_action_server/prefix_override:/home/user/ros2_ws/install/my_action_server/lib/python3.10/site-packages:${PYTHONPATH} _=/usr/bin/env /usr/bin/python3 setup.py egg_info --egg-base ../../build/my_action_server build --build-base /home/user/ros2_ws/build/my_action_server/build install --record /home/user/ros2_ws/build/my_action_server/install.log --single-version-externally-managed
[1.920s] running egg_info
[1.921s] writing ../../build/my_action_server/my_action_server.egg-info/PKG-INFO
[1.921s] writing dependency_links to ../../build/my_action_server/my_action_server.egg-info/dependency_links.txt
[1.922s] writing entry points to ../../build/my_action_server/my_action_server.egg-info/entry_points.txt
[1.922s] writing requirements to ../../build/my_action_server/my_action_server.egg-info/requires.txt
[1.922s] writing top-level names to ../../build/my_action_server/my_action_server.egg-info/top_level.txt
[1.927s] reading manifest file '../../build/my_action_server/my_action_server.egg-info/SOURCES.txt'
[1.927s] writing manifest file '../../build/my_action_server/my_action_server.egg-info/SOURCES.txt'
[1.927s] running build
[1.928s] running build_py
[1.928s] running install
[1.929s] running install_lib
[1.932s] running install_data
[1.933s] copying launch/example63_launch_file.launch.py -> /home/user/ros2_ws/install/my_action_server/share/my_action_server
[1.933s] running install_egg_info
[1.936s] removing '/home/user/ros2_ws/install/my_action_server/lib/python3.10/site-packages/my_action_server-0.0.0-py3.10.egg-info' (and everything under it)
[1.937s] Copying ../../build/my_action_server/my_action_server.egg-info to /home/user/ros2_ws/install/my_action_server/lib/python3.10/site-packages/my_action_server-0.0.0-py3.10.egg-info
[1.938s] running install_scripts
[1.976s] Installing example63 script to /home/user/ros2_ws/install/my_action_server/lib/my_action_server
[1.977s] writing list of installed files to '/home/user/ros2_ws/build/my_action_server/install.log'
[2.018s] Invoked command in '/home/user/ros2_ws/src/my_action_server' returned '0': PYTHONPATH=/home/user/ros2_ws/build/my_action_server/prefix_override:/home/user/ros2_ws/install/my_action_server/lib/python3.10/site-packages:${PYTHONPATH} _=/usr/bin/env /usr/bin/python3 setup.py egg_info --egg-base ../../build/my_action_server build --build-base /home/user/ros2_ws/build/my_action_server/build install --record /home/user/ros2_ws/build/my_action_server/install.log --single-version-externally-managed
