[0.894s] DEBUG:colcon:Command line arguments: ['/usr/bin/colcon', 'build', '--packages-select', 'subscriber_pkg']
[0.895s] DEBUG:colcon:Parsed command line arguments: Namespace(log_base=None, log_level=None, verb_name='build', build_base='build', install_base='install', merge_install=False, symlink_install=False, test_result_base=None, continue_on_error=False, executor='parallel', parallel_workers=8, event_handlers=None, ignore_user_meta=False, metas=['./colcon.meta'], base_paths=['.'], packages_ignore=None, packages_ignore_regex=None, paths=None, packages_up_to=None, packages_up_to_regex=None, packages_above=None, packages_above_and_dependencies=None, packages_above_depth=None, packages_select_by_dep=None, packages_skip_by_dep=None, packages_skip_up_to=None, packages_select_build_failed=False, packages_skip_build_finished=False, packages_select_test_failures=False, packages_skip_test_passed=False, packages_select=['subscriber_pkg'], packages_skip=None, packages_select_regex=None, packages_skip_regex=None, packages_start=None, packages_end=None, allow_overriding=[], cmake_args=None, cmake_target=None, cmake_target_skip_unavailable=False, cmake_clean_cache=False, cmake_clean_first=False, cmake_force_configure=False, meson_args=[], ament_cmake_args=None, catkin_cmake_args=None, catkin_skip_building_tests=False, mixin_files=None, mixin=None, verb_parser=<colcon_alias.argument_parser.alias.AliasArgumentDecorator object at 0x7f627a912560>, verb_extension=<colcon_core.verb.build.BuildVerb object at 0x7f627a911840>, main=<bound method BuildVerb.main of <colcon_core.verb.build.BuildVerb object at 0x7f627a911840>>, mixin_verb=('build',))
[0.933s] Level 1:colcon.colcon_core.package_discovery:discover_packages(colcon_meta) check parameters
[0.933s] Level 1:colcon.colcon_core.package_discovery:discover_packages(recursive) check parameters
[0.933s] Level 1:colcon.colcon_core.package_discovery:discover_packages(ignore) check parameters
[0.933s] Level 1:colcon.colcon_core.package_discovery:discover_packages(path) check parameters
[0.933s] Level 1:colcon.colcon_core.package_discovery:discover_packages(colcon_meta) discover
[0.933s] Level 1:colcon.colcon_core.package_discovery:discover_packages(recursive) discover
[0.933s] INFO:colcon.colcon_core.package_discovery:Crawling recursively for packages in '/home/user/ros2_ws'
[0.934s] Level 1:colcon.colcon_core.package_identification:_identify(.) by extensions ['ignore', 'ignore_ament_install']
[0.935s] Level 1:colcon.colcon_core.package_identification:_identify(.) by extension 'ignore'
[0.935s] Level 1:colcon.colcon_core.package_identification:_identify(.) by extension 'ignore_ament_install'
[0.935s] Level 1:colcon.colcon_core.package_identification:_identify(.) by extensions ['colcon_pkg']
[0.935s] Level 1:colcon.colcon_core.package_identification:_identify(.) by extension 'colcon_pkg'
[0.935s] Level 1:colcon.colcon_core.package_identification:_identify(.) by extensions ['colcon_meta']
[0.935s] Level 1:colcon.colcon_core.package_identification:_identify(.) by extension 'colcon_meta'
[0.935s] Level 1:colcon.colcon_core.package_identification:_identify(.) by extensions ['ros']
[0.935s] Level 1:colcon.colcon_core.package_identification:_identify(.) by extension 'ros'
[0.952s] Level 1:colcon.colcon_core.package_identification:_identify(.) by extensions ['cmake', 'meson', 'python']
[0.952s] Level 1:colcon.colcon_core.package_identification:_identify(.) by extension 'cmake'
[0.952s] Level 1:colcon.colcon_core.package_identification:_identify(.) by extension 'meson'
[0.953s] Level 1:colcon.colcon_core.package_identification:_identify(.) by extension 'python'
[0.953s] Level 1:colcon.colcon_core.package_identification:_identify(.) by extensions ['python_setup_py']
[0.953s] Level 1:colcon.colcon_core.package_identification:_identify(.) by extension 'python_setup_py'
[0.953s] Level 1:colcon.colcon_core.package_identification:_identify(build) by extensions ['ignore', 'ignore_ament_install']
[0.953s] Level 1:colcon.colcon_core.package_identification:_identify(build) by extension 'ignore'
[0.953s] Level 1:colcon.colcon_core.package_identification:_identify(build) ignored
[0.953s] Level 1:colcon.colcon_core.package_identification:_identify(install) by extensions ['ignore', 'ignore_ament_install']
[0.954s] Level 1:colcon.colcon_core.package_identification:_identify(install) by extension 'ignore'
[0.954s] Level 1:colcon.colcon_core.package_identification:_identify(install) ignored
[0.954s] Level 1:colcon.colcon_core.package_identification:_identify(log) by extensions ['ignore', 'ignore_ament_install']
[0.954s] Level 1:colcon.colcon_core.package_identification:_identify(log) by extension 'ignore'
[0.954s] Level 1:colcon.colcon_core.package_identification:_identify(log) ignored
[0.955s] Level 1:colcon.colcon_core.package_identification:_identify(src) by extensions ['ignore', 'ignore_ament_install']
[0.955s] Level 1:colcon.colcon_core.package_identification:_identify(src) by extension 'ignore'
[0.955s] Level 1:colcon.colcon_core.package_identification:_identify(src) by extension 'ignore_ament_install'
[0.955s] Level 1:colcon.colcon_core.package_identification:_identify(src) by extensions ['colcon_pkg']
[0.955s] Level 1:colcon.colcon_core.package_identification:_identify(src) by extension 'colcon_pkg'
[0.955s] Level 1:colcon.colcon_core.package_identification:_identify(src) by extensions ['colcon_meta']
[0.955s] Level 1:colcon.colcon_core.package_identification:_identify(src) by extension 'colcon_meta'
[0.955s] Level 1:colcon.colcon_core.package_identification:_identify(src) by extensions ['ros']
[0.955s] Level 1:colcon.colcon_core.package_identification:_identify(src) by extension 'ros'
[0.955s] Level 1:colcon.colcon_core.package_identification:_identify(src) by extensions ['cmake', 'meson', 'python']
[0.955s] Level 1:colcon.colcon_core.package_identification:_identify(src) by extension 'cmake'
[0.956s] Level 1:colcon.colcon_core.package_identification:_identify(src) by extension 'meson'
[0.956s] Level 1:colcon.colcon_core.package_identification:_identify(src) by extension 'python'
[0.956s] Level 1:colcon.colcon_core.package_identification:_identify(src) by extensions ['python_setup_py']
[0.956s] Level 1:colcon.colcon_core.package_identification:_identify(src) by extension 'python_setup_py'
[0.956s] Level 1:colcon.colcon_core.package_identification:_identify(src/my_package) by extensions ['ignore', 'ignore_ament_install']
[0.956s] Level 1:colcon.colcon_core.package_identification:_identify(src/my_package) by extension 'ignore'
[0.956s] Level 1:colcon.colcon_core.package_identification:_identify(src/my_package) by extension 'ignore_ament_install'
[0.956s] Level 1:colcon.colcon_core.package_identification:_identify(src/my_package) by extensions ['colcon_pkg']
[0.956s] Level 1:colcon.colcon_core.package_identification:_identify(src/my_package) by extension 'colcon_pkg'
[0.956s] Level 1:colcon.colcon_core.package_identification:_identify(src/my_package) by extensions ['colcon_meta']
[0.957s] Level 1:colcon.colcon_core.package_identification:_identify(src/my_package) by extension 'colcon_meta'
[0.957s] Level 1:colcon.colcon_core.package_identification:_identify(src/my_package) by extensions ['ros']
[0.957s] Level 1:colcon.colcon_core.package_identification:_identify(src/my_package) by extension 'ros'
[0.961s] DEBUG:colcon.colcon_core.package_identification:Package 'src/my_package' with type 'ros.ament_python' and name 'my_package'
[0.961s] Level 1:colcon.colcon_core.package_identification:_identify(src/publisher_pkg) by extensions ['ignore', 'ignore_ament_install']
[0.961s] Level 1:colcon.colcon_core.package_identification:_identify(src/publisher_pkg) by extension 'ignore'
[0.961s] Level 1:colcon.colcon_core.package_identification:_identify(src/publisher_pkg) by extension 'ignore_ament_install'
[0.961s] Level 1:colcon.colcon_core.package_identification:_identify(src/publisher_pkg) by extensions ['colcon_pkg']
[0.962s] Level 1:colcon.colcon_core.package_identification:_identify(src/publisher_pkg) by extension 'colcon_pkg'
[0.962s] Level 1:colcon.colcon_core.package_identification:_identify(src/publisher_pkg) by extensions ['colcon_meta']
[0.962s] Level 1:colcon.colcon_core.package_identification:_identify(src/publisher_pkg) by extension 'colcon_meta'
[0.962s] Level 1:colcon.colcon_core.package_identification:_identify(src/publisher_pkg) by extensions ['ros']
[0.962s] Level 1:colcon.colcon_core.package_identification:_identify(src/publisher_pkg) by extension 'ros'
[0.963s] DEBUG:colcon.colcon_core.package_identification:Package 'src/publisher_pkg' with type 'ros.ament_python' and name 'publisher_pkg'
[0.963s] Level 1:colcon.colcon_core.package_identification:_identify(src/subscriber_pkg) by extensions ['ignore', 'ignore_ament_install']
[0.963s] Level 1:colcon.colcon_core.package_identification:_identify(src/subscriber_pkg) by extension 'ignore'
[0.964s] Level 1:colcon.colcon_core.package_identification:_identify(src/subscriber_pkg) by extension 'ignore_ament_install'
[0.964s] Level 1:colcon.colcon_core.package_identification:_identify(src/subscriber_pkg) by extensions ['colcon_pkg']
[0.964s] Level 1:colcon.colcon_core.package_identification:_identify(src/subscriber_pkg) by extension 'colcon_pkg'
[0.964s] Level 1:colcon.colcon_core.package_identification:_identify(src/subscriber_pkg) by extensions ['colcon_meta']
[0.964s] Level 1:colcon.colcon_core.package_identification:_identify(src/subscriber_pkg) by extension 'colcon_meta'
[0.964s] Level 1:colcon.colcon_core.package_identification:_identify(src/subscriber_pkg) by extensions ['ros']
[0.964s] Level 1:colcon.colcon_core.package_identification:_identify(src/subscriber_pkg) by extension 'ros'
[0.965s] DEBUG:colcon.colcon_core.package_identification:Package 'src/subscriber_pkg' with type 'ros.ament_python' and name 'subscriber_pkg'
[0.965s] Level 1:colcon.colcon_core.package_discovery:discover_packages(recursive) using defaults
[0.965s] Level 1:colcon.colcon_core.package_discovery:discover_packages(ignore) discover
[0.965s] Level 1:colcon.colcon_core.package_discovery:discover_packages(ignore) using defaults
[0.965s] Level 1:colcon.colcon_core.package_discovery:discover_packages(path) discover
[0.965s] Level 1:colcon.colcon_core.package_discovery:discover_packages(path) using defaults
[1.000s] INFO:colcon.colcon_core.package_selection:Skipping not selected package 'my_package' in 'src/my_package'
[1.000s] INFO:colcon.colcon_core.package_selection:Skipping not selected package 'publisher_pkg' in 'src/publisher_pkg'
[1.001s] Level 1:colcon.colcon_core.package_discovery:discover_packages(prefix_path) check parameters
[1.002s] Level 1:colcon.colcon_core.package_discovery:discover_packages(prefix_path) discover
[1.008s] DEBUG:colcon.colcon_installed_package_information.package_discovery:Found 14 installed packages in /home/simulations/ros2_sims_ws/install
[1.010s] DEBUG:colcon.colcon_installed_package_information.package_discovery:Found 2 installed packages in /home/user/ros2_ws/install
[1.014s] DEBUG:colcon.colcon_installed_package_information.package_discovery:Found 417 installed packages in /opt/ros/humble
[1.018s] Level 1:colcon.colcon_core.package_discovery:discover_packages(prefix_path) using defaults
[1.195s] Level 5:colcon.colcon_core.verb:set package 'subscriber_pkg' build argument 'cmake_args' from command line to 'None'
[1.195s] Level 5:colcon.colcon_core.verb:set package 'subscriber_pkg' build argument 'cmake_target' from command line to 'None'
[1.195s] Level 5:colcon.colcon_core.verb:set package 'subscriber_pkg' build argument 'cmake_target_skip_unavailable' from command line to 'False'
[1.195s] Level 5:colcon.colcon_core.verb:set package 'subscriber_pkg' build argument 'cmake_clean_cache' from command line to 'False'
[1.195s] Level 5:colcon.colcon_core.verb:set package 'subscriber_pkg' build argument 'cmake_clean_first' from command line to 'False'
[1.195s] Level 5:colcon.colcon_core.verb:set package 'subscriber_pkg' build argument 'cmake_force_configure' from command line to 'False'
[1.195s] Level 5:colcon.colcon_core.verb:set package 'subscriber_pkg' build argument 'meson_args' from command line to '[]'
[1.195s] Level 5:colcon.colcon_core.verb:set package 'subscriber_pkg' build argument 'ament_cmake_args' from command line to 'None'
[1.196s] Level 5:colcon.colcon_core.verb:set package 'subscriber_pkg' build argument 'catkin_cmake_args' from command line to 'None'
[1.196s] Level 5:colcon.colcon_core.verb:set package 'subscriber_pkg' build argument 'catkin_skip_building_tests' from command line to 'False'
[1.196s] DEBUG:colcon.colcon_core.verb:Building package 'subscriber_pkg' with the following arguments: {'ament_cmake_args': None, 'build_base': '/home/user/ros2_ws/build/subscriber_pkg', 'catkin_cmake_args': None, 'catkin_skip_building_tests': False, 'cmake_args': None, 'cmake_clean_cache': False, 'cmake_clean_first': False, 'cmake_force_configure': False, 'cmake_target': None, 'cmake_target_skip_unavailable': False, 'install_base': '/home/user/ros2_ws/install/subscriber_pkg', 'merge_install': False, 'meson_args': [], 'path': '/home/user/ros2_ws/src/subscriber_pkg', 'symlink_install': False, 'test_result_base': None}
[1.197s] INFO:colcon.colcon_core.executor:Executing jobs using 'parallel' executor
[1.208s] DEBUG:colcon.colcon_parallel_executor.executor.parallel:run_until_complete
[1.208s] INFO:colcon.colcon_ros.task.ament_python.build:Building ROS package in '/home/user/ros2_ws/src/subscriber_pkg' with build type 'ament_python'
[1.208s] Level 1:colcon.colcon_core.shell:create_environment_hook('subscriber_pkg', 'ament_prefix_path')
[1.218s] INFO:colcon.colcon_core.plugin_system:Skipping extension 'colcon_core.shell.bat': Not used on non-Windows systems
[1.219s] INFO:colcon.colcon_core.shell:Creating environment hook '/home/user/ros2_ws/install/subscriber_pkg/share/subscriber_pkg/hook/ament_prefix_path.ps1'
[1.220s] INFO:colcon.colcon_core.shell:Creating environment descriptor '/home/user/ros2_ws/install/subscriber_pkg/share/subscriber_pkg/hook/ament_prefix_path.dsv'
[1.221s] INFO:colcon.colcon_core.shell:Creating environment hook '/home/user/ros2_ws/install/subscriber_pkg/share/subscriber_pkg/hook/ament_prefix_path.sh'
[1.224s] INFO:colcon.colcon_core.shell:Skip shell extension 'powershell' for command environment: Not usable outside of PowerShell
[1.224s] DEBUG:colcon.colcon_core.shell:Skip shell extension 'dsv' for command environment
[1.736s] INFO:colcon.colcon_core.task.python.build:Building Python package in '/home/user/ros2_ws/src/subscriber_pkg'
[1.738s] INFO:colcon.colcon_core.shell:Skip shell extension 'powershell' for command environment: Not usable outside of PowerShell
[1.738s] DEBUG:colcon.colcon_core.shell:Skip shell extension 'dsv' for command environment
[2.578s] DEBUG:colcon.colcon_core.event_handler.log_command:Invoking command in '/home/user/ros2_ws/src/subscriber_pkg': PYTHONPATH=/home/user/ros2_ws/build/subscriber_pkg/prefix_override:/home/user/ros2_ws/install/subscriber_pkg/lib/python3.10/site-packages:${PYTHONPATH} _=/usr/bin/env /usr/bin/python3 setup.py egg_info --egg-base ../../build/subscriber_pkg build --build-base /home/user/ros2_ws/build/subscriber_pkg/build install --record /home/user/ros2_ws/build/subscriber_pkg/install.log --single-version-externally-managed
[3.187s] DEBUG:colcon.colcon_core.event_handler.log_command:Invoked command in '/home/user/ros2_ws/src/subscriber_pkg' returned '0': PYTHONPATH=/home/user/ros2_ws/build/subscriber_pkg/prefix_override:/home/user/ros2_ws/install/subscriber_pkg/lib/python3.10/site-packages:${PYTHONPATH} _=/usr/bin/env /usr/bin/python3 setup.py egg_info --egg-base ../../build/subscriber_pkg build --build-base /home/user/ros2_ws/build/subscriber_pkg/build install --record /home/user/ros2_ws/build/subscriber_pkg/install.log --single-version-externally-managed
[3.194s] Level 1:colcon.colcon_core.environment:checking '/home/user/ros2_ws/install/subscriber_pkg' for CMake module files
[3.195s] Level 1:colcon.colcon_core.environment:checking '/home/user/ros2_ws/install/subscriber_pkg' for CMake config files
[3.196s] Level 1:colcon.colcon_core.environment:checking '/home/user/ros2_ws/install/subscriber_pkg/lib'
[3.196s] Level 1:colcon.colcon_core.environment:checking '/home/user/ros2_ws/install/subscriber_pkg/bin'
[3.196s] Level 1:colcon.colcon_core.environment:checking '/home/user/ros2_ws/install/subscriber_pkg/lib/pkgconfig/subscriber_pkg.pc'
[3.197s] Level 1:colcon.colcon_core.environment:checking '/home/user/ros2_ws/install/subscriber_pkg/lib/python3.10/site-packages'
[3.197s] Level 1:colcon.colcon_core.shell:create_environment_hook('subscriber_pkg', 'pythonpath')
[3.198s] INFO:colcon.colcon_core.shell:Creating environment hook '/home/user/ros2_ws/install/subscriber_pkg/share/subscriber_pkg/hook/pythonpath.ps1'
[3.199s] INFO:colcon.colcon_core.shell:Creating environment descriptor '/home/user/ros2_ws/install/subscriber_pkg/share/subscriber_pkg/hook/pythonpath.dsv'
[3.199s] INFO:colcon.colcon_core.shell:Creating environment hook '/home/user/ros2_ws/install/subscriber_pkg/share/subscriber_pkg/hook/pythonpath.sh'
[3.200s] Level 1:colcon.colcon_core.environment:checking '/home/user/ros2_ws/install/subscriber_pkg/bin'
[3.200s] Level 1:colcon.colcon_core.environment:create_environment_scripts_only(subscriber_pkg)
[3.202s] INFO:colcon.colcon_core.shell:Creating package script '/home/user/ros2_ws/install/subscriber_pkg/share/subscriber_pkg/package.ps1'
[3.203s] INFO:colcon.colcon_core.shell:Creating package descriptor '/home/user/ros2_ws/install/subscriber_pkg/share/subscriber_pkg/package.dsv'
[3.204s] INFO:colcon.colcon_core.shell:Creating package script '/home/user/ros2_ws/install/subscriber_pkg/share/subscriber_pkg/package.sh'
[3.205s] INFO:colcon.colcon_core.shell:Creating package script '/home/user/ros2_ws/install/subscriber_pkg/share/subscriber_pkg/package.bash'
[3.206s] INFO:colcon.colcon_core.shell:Creating package script '/home/user/ros2_ws/install/subscriber_pkg/share/subscriber_pkg/package.zsh'
[3.207s] Level 1:colcon.colcon_core.environment:create_file_with_runtime_dependencies(/home/user/ros2_ws/install/subscriber_pkg/share/colcon-core/packages/subscriber_pkg)
[3.208s] DEBUG:colcon.colcon_parallel_executor.executor.parallel:closing loop
[3.208s] DEBUG:colcon.colcon_parallel_executor.executor.parallel:loop closed
[3.208s] DEBUG:colcon.colcon_parallel_executor.executor.parallel:run_until_complete finished with '0'
[3.209s] DEBUG:colcon.colcon_core.event_reactor:joining thread
[3.218s] INFO:colcon.colcon_core.plugin_system:Skipping extension 'colcon_notification.desktop_notification.notify_send': Could not find 'notify-send'
[3.219s] INFO:colcon.colcon_core.plugin_system:Skipping extension 'colcon_notification.desktop_notification.terminal_notifier': Not used on non-Darwin systems
[3.219s] INFO:colcon.colcon_core.plugin_system:Skipping extension 'colcon_notification.desktop_notification.win32': Not used on non-Windows systems
[3.219s] INFO:colcon.colcon_notification.desktop_notification:Sending desktop notification using 'notify2'
[3.223s] DEBUG:colcon.colcon_notification.desktop_notification.notify2:Failed to initialize notify2: org.freedesktop.DBus.Error.Spawn.ExecFailed: /usr/bin/dbus-launch terminated abnormally without any error message
[3.223s] DEBUG:colcon.colcon_core.event_reactor:joined thread
[3.226s] INFO:colcon.colcon_core.shell:Creating prefix script '/home/user/ros2_ws/install/local_setup.ps1'
[3.228s] INFO:colcon.colcon_core.shell:Creating prefix util module '/home/user/ros2_ws/install/_local_setup_util_ps1.py'
[3.230s] INFO:colcon.colcon_core.shell:Creating prefix chain script '/home/user/ros2_ws/install/setup.ps1'
[3.233s] INFO:colcon.colcon_core.shell:Creating prefix script '/home/user/ros2_ws/install/local_setup.sh'
[3.233s] INFO:colcon.colcon_core.shell:Creating prefix util module '/home/user/ros2_ws/install/_local_setup_util_sh.py'
[3.234s] INFO:colcon.colcon_core.shell:Creating prefix chain script '/home/user/ros2_ws/install/setup.sh'
[3.237s] INFO:colcon.colcon_core.shell:Creating prefix script '/home/user/ros2_ws/install/local_setup.bash'
[3.238s] INFO:colcon.colcon_core.shell:Creating prefix chain script '/home/user/ros2_ws/install/setup.bash'
[3.241s] INFO:colcon.colcon_core.shell:Creating prefix script '/home/user/ros2_ws/install/local_setup.zsh'
[3.242s] INFO:colcon.colcon_core.shell:Creating prefix chain script '/home/user/ros2_ws/install/setup.zsh'
