[0.968s] DEBUG:colcon:Command line arguments: ['/usr/bin/colcon', 'build']
[0.968s] DEBUG:colcon:Parsed command line arguments: Namespace(log_base=None, log_level=None, verb_name='build', build_base='build', install_base='install', merge_install=False, symlink_install=False, test_result_base=None, continue_on_error=False, executor='parallel', parallel_workers=8, event_handlers=None, ignore_user_meta=False, metas=['./colcon.meta'], base_paths=['.'], packages_ignore=None, packages_ignore_regex=None, paths=None, packages_up_to=None, packages_up_to_regex=None, packages_above=None, packages_above_and_dependencies=None, packages_above_depth=None, packages_select_by_dep=None, packages_skip_by_dep=None, packages_skip_up_to=None, packages_select_build_failed=False, packages_skip_build_finished=False, packages_select_test_failures=False, packages_skip_test_passed=False, packages_select=None, packages_skip=None, packages_select_regex=None, packages_skip_regex=None, packages_start=None, packages_end=None, allow_overriding=[], cmake_args=None, cmake_target=None, cmake_target_skip_unavailable=False, cmake_clean_cache=False, cmake_clean_first=False, cmake_force_configure=False, meson_args=[], ament_cmake_args=None, catkin_cmake_args=None, catkin_skip_building_tests=False, mixin_files=None, mixin=None, verb_parser=<colcon_alias.argument_parser.alias.AliasArgumentDecorator object at 0x7f5c3d08dff0>, verb_extension=<colcon_core.verb.build.BuildVerb object at 0x7f5c3d08d2d0>, main=<bound method BuildVerb.main of <colcon_core.verb.build.BuildVerb object at 0x7f5c3d08d2d0>>, mixin_verb=('build',))
[1.007s] Level 1:colcon.colcon_core.package_discovery:discover_packages(colcon_meta) check parameters
[1.008s] Level 1:colcon.colcon_core.package_discovery:discover_packages(recursive) check parameters
[1.008s] Level 1:colcon.colcon_core.package_discovery:discover_packages(ignore) check parameters
[1.008s] Level 1:colcon.colcon_core.package_discovery:discover_packages(path) check parameters
[1.008s] Level 1:colcon.colcon_core.package_discovery:discover_packages(colcon_meta) discover
[1.008s] Level 1:colcon.colcon_core.package_discovery:discover_packages(recursive) discover
[1.008s] INFO:colcon.colcon_core.package_discovery:Crawling recursively for packages in '/home/user/ros2_ws'
[1.008s] Level 1:colcon.colcon_core.package_identification:_identify(.) by extensions ['ignore', 'ignore_ament_install']
[1.008s] Level 1:colcon.colcon_core.package_identification:_identify(.) by extension 'ignore'
[1.008s] Level 1:colcon.colcon_core.package_identification:_identify(.) by extension 'ignore_ament_install'
[1.009s] Level 1:colcon.colcon_core.package_identification:_identify(.) by extensions ['colcon_pkg']
[1.009s] Level 1:colcon.colcon_core.package_identification:_identify(.) by extension 'colcon_pkg'
[1.009s] Level 1:colcon.colcon_core.package_identification:_identify(.) by extensions ['colcon_meta']
[1.009s] Level 1:colcon.colcon_core.package_identification:_identify(.) by extension 'colcon_meta'
[1.009s] Level 1:colcon.colcon_core.package_identification:_identify(.) by extensions ['ros']
[1.009s] Level 1:colcon.colcon_core.package_identification:_identify(.) by extension 'ros'
[1.029s] Level 1:colcon.colcon_core.package_identification:_identify(.) by extensions ['cmake', 'meson', 'python']
[1.030s] Level 1:colcon.colcon_core.package_identification:_identify(.) by extension 'cmake'
[1.030s] Level 1:colcon.colcon_core.package_identification:_identify(.) by extension 'meson'
[1.030s] Level 1:colcon.colcon_core.package_identification:_identify(.) by extension 'python'
[1.030s] Level 1:colcon.colcon_core.package_identification:_identify(.) by extensions ['python_setup_py']
[1.030s] Level 1:colcon.colcon_core.package_identification:_identify(.) by extension 'python_setup_py'
[1.030s] Level 1:colcon.colcon_core.package_identification:_identify(build) by extensions ['ignore', 'ignore_ament_install']
[1.031s] Level 1:colcon.colcon_core.package_identification:_identify(build) by extension 'ignore'
[1.031s] Level 1:colcon.colcon_core.package_identification:_identify(build) ignored
[1.031s] Level 1:colcon.colcon_core.package_identification:_identify(install) by extensions ['ignore', 'ignore_ament_install']
[1.031s] Level 1:colcon.colcon_core.package_identification:_identify(install) by extension 'ignore'
[1.031s] Level 1:colcon.colcon_core.package_identification:_identify(install) ignored
[1.031s] Level 1:colcon.colcon_core.package_identification:_identify(log) by extensions ['ignore', 'ignore_ament_install']
[1.032s] Level 1:colcon.colcon_core.package_identification:_identify(log) by extension 'ignore'
[1.032s] Level 1:colcon.colcon_core.package_identification:_identify(log) ignored
[1.032s] Level 1:colcon.colcon_core.package_identification:_identify(src) by extensions ['ignore', 'ignore_ament_install']
[1.032s] Level 1:colcon.colcon_core.package_identification:_identify(src) by extension 'ignore'
[1.032s] Level 1:colcon.colcon_core.package_identification:_identify(src) by extension 'ignore_ament_install'
[1.032s] Level 1:colcon.colcon_core.package_identification:_identify(src) by extensions ['colcon_pkg']
[1.032s] Level 1:colcon.colcon_core.package_identification:_identify(src) by extension 'colcon_pkg'
[1.032s] Level 1:colcon.colcon_core.package_identification:_identify(src) by extensions ['colcon_meta']
[1.032s] Level 1:colcon.colcon_core.package_identification:_identify(src) by extension 'colcon_meta'
[1.032s] Level 1:colcon.colcon_core.package_identification:_identify(src) by extensions ['ros']
[1.033s] Level 1:colcon.colcon_core.package_identification:_identify(src) by extension 'ros'
[1.033s] Level 1:colcon.colcon_core.package_identification:_identify(src) by extensions ['cmake', 'meson', 'python']
[1.033s] Level 1:colcon.colcon_core.package_identification:_identify(src) by extension 'cmake'
[1.033s] Level 1:colcon.colcon_core.package_identification:_identify(src) by extension 'meson'
[1.033s] Level 1:colcon.colcon_core.package_identification:_identify(src) by extension 'python'
[1.033s] Level 1:colcon.colcon_core.package_identification:_identify(src) by extensions ['python_setup_py']
[1.033s] Level 1:colcon.colcon_core.package_identification:_identify(src) by extension 'python_setup_py'
[1.033s] Level 1:colcon.colcon_core.package_identification:_identify(src/my_package) by extensions ['ignore', 'ignore_ament_install']
[1.033s] Level 1:colcon.colcon_core.package_identification:_identify(src/my_package) by extension 'ignore'
[1.034s] Level 1:colcon.colcon_core.package_identification:_identify(src/my_package) by extension 'ignore_ament_install'
[1.034s] Level 1:colcon.colcon_core.package_identification:_identify(src/my_package) by extensions ['colcon_pkg']
[1.034s] Level 1:colcon.colcon_core.package_identification:_identify(src/my_package) by extension 'colcon_pkg'
[1.034s] Level 1:colcon.colcon_core.package_identification:_identify(src/my_package) by extensions ['colcon_meta']
[1.034s] Level 1:colcon.colcon_core.package_identification:_identify(src/my_package) by extension 'colcon_meta'
[1.034s] Level 1:colcon.colcon_core.package_identification:_identify(src/my_package) by extensions ['ros']
[1.034s] Level 1:colcon.colcon_core.package_identification:_identify(src/my_package) by extension 'ros'
[1.038s] DEBUG:colcon.colcon_core.package_identification:Package 'src/my_package' with type 'ros.ament_python' and name 'my_package'
[1.038s] Level 1:colcon.colcon_core.package_discovery:discover_packages(recursive) using defaults
[1.039s] Level 1:colcon.colcon_core.package_discovery:discover_packages(ignore) discover
[1.039s] Level 1:colcon.colcon_core.package_discovery:discover_packages(ignore) using defaults
[1.039s] Level 1:colcon.colcon_core.package_discovery:discover_packages(path) discover
[1.039s] Level 1:colcon.colcon_core.package_discovery:discover_packages(path) using defaults
[1.078s] Level 1:colcon.colcon_core.package_discovery:discover_packages(prefix_path) check parameters
[1.078s] Level 1:colcon.colcon_core.package_discovery:discover_packages(prefix_path) discover
[1.084s] DEBUG:colcon.colcon_installed_package_information.package_discovery:Found 1 installed packages in /home/user/ros2_ws/install
[1.087s] DEBUG:colcon.colcon_installed_package_information.package_discovery:Found 14 installed packages in /home/simulations/ros2_sims_ws/install
[1.091s] DEBUG:colcon.colcon_installed_package_information.package_discovery:Found 417 installed packages in /opt/ros/humble
[1.096s] Level 1:colcon.colcon_core.package_discovery:discover_packages(prefix_path) using defaults
[1.284s] Level 5:colcon.colcon_core.verb:set package 'my_package' build argument 'cmake_args' from command line to 'None'
[1.284s] Level 5:colcon.colcon_core.verb:set package 'my_package' build argument 'cmake_target' from command line to 'None'
[1.284s] Level 5:colcon.colcon_core.verb:set package 'my_package' build argument 'cmake_target_skip_unavailable' from command line to 'False'
[1.285s] Level 5:colcon.colcon_core.verb:set package 'my_package' build argument 'cmake_clean_cache' from command line to 'False'
[1.285s] Level 5:colcon.colcon_core.verb:set package 'my_package' build argument 'cmake_clean_first' from command line to 'False'
[1.285s] Level 5:colcon.colcon_core.verb:set package 'my_package' build argument 'cmake_force_configure' from command line to 'False'
[1.285s] Level 5:colcon.colcon_core.verb:set package 'my_package' build argument 'meson_args' from command line to '[]'
[1.285s] Level 5:colcon.colcon_core.verb:set package 'my_package' build argument 'ament_cmake_args' from command line to 'None'
[1.285s] Level 5:colcon.colcon_core.verb:set package 'my_package' build argument 'catkin_cmake_args' from command line to 'None'
[1.285s] Level 5:colcon.colcon_core.verb:set package 'my_package' build argument 'catkin_skip_building_tests' from command line to 'False'
[1.285s] DEBUG:colcon.colcon_core.verb:Building package 'my_package' with the following arguments: {'ament_cmake_args': None, 'build_base': '/home/user/ros2_ws/build/my_package', 'catkin_cmake_args': None, 'catkin_skip_building_tests': False, 'cmake_args': None, 'cmake_clean_cache': False, 'cmake_clean_first': False, 'cmake_force_configure': False, 'cmake_target': None, 'cmake_target_skip_unavailable': False, 'install_base': '/home/user/ros2_ws/install/my_package', 'merge_install': False, 'meson_args': [], 'path': '/home/user/ros2_ws/src/my_package', 'symlink_install': False, 'test_result_base': None}
[1.286s] INFO:colcon.colcon_core.executor:Executing jobs using 'parallel' executor
[1.292s] DEBUG:colcon.colcon_parallel_executor.executor.parallel:run_until_complete
[1.293s] INFO:colcon.colcon_ros.task.ament_python.build:Building ROS package in '/home/user/ros2_ws/src/my_package' with build type 'ament_python'
[1.293s] Level 1:colcon.colcon_core.shell:create_environment_hook('my_package', 'ament_prefix_path')
[1.302s] INFO:colcon.colcon_core.plugin_system:Skipping extension 'colcon_core.shell.bat': Not used on non-Windows systems
[1.302s] INFO:colcon.colcon_core.shell:Creating environment hook '/home/user/ros2_ws/install/my_package/share/my_package/hook/ament_prefix_path.ps1'
[1.303s] INFO:colcon.colcon_core.shell:Creating environment descriptor '/home/user/ros2_ws/install/my_package/share/my_package/hook/ament_prefix_path.dsv'
[1.306s] INFO:colcon.colcon_core.shell:Creating environment hook '/home/user/ros2_ws/install/my_package/share/my_package/hook/ament_prefix_path.sh'
[1.309s] INFO:colcon.colcon_core.shell:Skip shell extension 'powershell' for command environment: Not usable outside of PowerShell
[1.309s] DEBUG:colcon.colcon_core.shell:Skip shell extension 'dsv' for command environment
[1.893s] INFO:colcon.colcon_core.task.python.build:Building Python package in '/home/user/ros2_ws/src/my_package'
[1.896s] INFO:colcon.colcon_core.shell:Skip shell extension 'powershell' for command environment: Not usable outside of PowerShell
[1.897s] DEBUG:colcon.colcon_core.shell:Skip shell extension 'dsv' for command environment
[2.584s] DEBUG:colcon.colcon_core.event_handler.log_command:Invoking command in '/home/user/ros2_ws/src/my_package': PYTHONPATH=/home/user/ros2_ws/build/my_package/prefix_override:/home/user/ros2_ws/install/my_package/lib/python3.10/site-packages:${PYTHONPATH} _=/usr/bin/env /usr/bin/python3 setup.py egg_info --egg-base ../../build/my_package build --build-base /home/user/ros2_ws/build/my_package/build install --record /home/user/ros2_ws/build/my_package/install.log --single-version-externally-managed
[3.179s] DEBUG:colcon.colcon_core.event_handler.log_command:Invoked command in '/home/user/ros2_ws/src/my_package' returned '0': PYTHONPATH=/home/user/ros2_ws/build/my_package/prefix_override:/home/user/ros2_ws/install/my_package/lib/python3.10/site-packages:${PYTHONPATH} _=/usr/bin/env /usr/bin/python3 setup.py egg_info --egg-base ../../build/my_package build --build-base /home/user/ros2_ws/build/my_package/build install --record /home/user/ros2_ws/build/my_package/install.log --single-version-externally-managed
[3.190s] Level 1:colcon.colcon_core.environment:checking '/home/user/ros2_ws/install/my_package' for CMake module files
[3.190s] Level 1:colcon.colcon_core.environment:checking '/home/user/ros2_ws/install/my_package' for CMake config files
[3.192s] Level 1:colcon.colcon_core.environment:checking '/home/user/ros2_ws/install/my_package/lib'
[3.192s] Level 1:colcon.colcon_core.environment:checking '/home/user/ros2_ws/install/my_package/bin'
[3.192s] Level 1:colcon.colcon_core.environment:checking '/home/user/ros2_ws/install/my_package/lib/pkgconfig/my_package.pc'
[3.193s] Level 1:colcon.colcon_core.environment:checking '/home/user/ros2_ws/install/my_package/lib/python3.10/site-packages'
[3.193s] Level 1:colcon.colcon_core.shell:create_environment_hook('my_package', 'pythonpath')
[3.195s] INFO:colcon.colcon_core.shell:Creating environment hook '/home/user/ros2_ws/install/my_package/share/my_package/hook/pythonpath.ps1'
[3.196s] INFO:colcon.colcon_core.shell:Creating environment descriptor '/home/user/ros2_ws/install/my_package/share/my_package/hook/pythonpath.dsv'
[3.197s] INFO:colcon.colcon_core.shell:Creating environment hook '/home/user/ros2_ws/install/my_package/share/my_package/hook/pythonpath.sh'
[3.198s] Level 1:colcon.colcon_core.environment:checking '/home/user/ros2_ws/install/my_package/bin'
[3.198s] Level 1:colcon.colcon_core.environment:create_environment_scripts_only(my_package)
[3.203s] INFO:colcon.colcon_core.shell:Creating package script '/home/user/ros2_ws/install/my_package/share/my_package/package.ps1'
[3.209s] INFO:colcon.colcon_core.shell:Creating package descriptor '/home/user/ros2_ws/install/my_package/share/my_package/package.dsv'
[3.210s] INFO:colcon.colcon_core.shell:Creating package script '/home/user/ros2_ws/install/my_package/share/my_package/package.sh'
[3.211s] INFO:colcon.colcon_core.shell:Creating package script '/home/user/ros2_ws/install/my_package/share/my_package/package.bash'
[3.212s] INFO:colcon.colcon_core.shell:Creating package script '/home/user/ros2_ws/install/my_package/share/my_package/package.zsh'
[3.214s] Level 1:colcon.colcon_core.environment:create_file_with_runtime_dependencies(/home/user/ros2_ws/install/my_package/share/colcon-core/packages/my_package)
[3.215s] DEBUG:colcon.colcon_parallel_executor.executor.parallel:closing loop
[3.216s] DEBUG:colcon.colcon_parallel_executor.executor.parallel:loop closed
[3.216s] DEBUG:colcon.colcon_parallel_executor.executor.parallel:run_until_complete finished with '0'
[3.216s] DEBUG:colcon.colcon_core.event_reactor:joining thread
[3.226s] INFO:colcon.colcon_core.plugin_system:Skipping extension 'colcon_notification.desktop_notification.notify_send': Could not find 'notify-send'
[3.226s] INFO:colcon.colcon_core.plugin_system:Skipping extension 'colcon_notification.desktop_notification.terminal_notifier': Not used on non-Darwin systems
[3.226s] INFO:colcon.colcon_core.plugin_system:Skipping extension 'colcon_notification.desktop_notification.win32': Not used on non-Windows systems
[3.226s] INFO:colcon.colcon_notification.desktop_notification:Sending desktop notification using 'notify2'
[3.230s] DEBUG:colcon.colcon_notification.desktop_notification.notify2:Failed to initialize notify2: org.freedesktop.DBus.Error.Spawn.ExecFailed: /usr/bin/dbus-launch terminated abnormally without any error message
[3.230s] DEBUG:colcon.colcon_core.event_reactor:joined thread
[3.233s] INFO:colcon.colcon_core.shell:Creating prefix script '/home/user/ros2_ws/install/local_setup.ps1'
[3.235s] INFO:colcon.colcon_core.shell:Creating prefix util module '/home/user/ros2_ws/install/_local_setup_util_ps1.py'
[3.238s] INFO:colcon.colcon_core.shell:Creating prefix chain script '/home/user/ros2_ws/install/setup.ps1'
[3.241s] INFO:colcon.colcon_core.shell:Creating prefix script '/home/user/ros2_ws/install/local_setup.sh'
[3.242s] INFO:colcon.colcon_core.shell:Creating prefix util module '/home/user/ros2_ws/install/_local_setup_util_sh.py'
[3.243s] INFO:colcon.colcon_core.shell:Creating prefix chain script '/home/user/ros2_ws/install/setup.sh'
[3.246s] INFO:colcon.colcon_core.shell:Creating prefix script '/home/user/ros2_ws/install/local_setup.bash'
[3.247s] INFO:colcon.colcon_core.shell:Creating prefix chain script '/home/user/ros2_ws/install/setup.bash'
[3.251s] INFO:colcon.colcon_core.shell:Creating prefix script '/home/user/ros2_ws/install/local_setup.zsh'
[3.252s] INFO:colcon.colcon_core.shell:Creating prefix chain script '/home/user/ros2_ws/install/setup.zsh'
