[1.238s] Invoking command in '/home/user/ros2_ws/src/my_package': PYTHONPATH=/home/user/ros2_ws/build/my_package/prefix_override:/home/user/ros2_ws/install/my_package/lib/python3.10/site-packages:${PYTHONPATH} _=/usr/bin/env /usr/bin/python3 setup.py egg_info --egg-base ../../build/my_package build --build-base /home/user/ros2_ws/build/my_package/build install --record /home/user/ros2_ws/build/my_package/install.log --single-version-externally-managed
[1.714s] running egg_info
[1.715s] writing ../../build/my_package/my_package.egg-info/PKG-INFO
[1.715s] writing dependency_links to ../../build/my_package/my_package.egg-info/dependency_links.txt
[1.716s] writing entry points to ../../build/my_package/my_package.egg-info/entry_points.txt
[1.716s] writing requirements to ../../build/my_package/my_package.egg-info/requires.txt
[1.716s] writing top-level names to ../../build/my_package/my_package.egg-info/top_level.txt
[1.719s] reading manifest file '../../build/my_package/my_package.egg-info/SOURCES.txt'
[1.720s] writing manifest file '../../build/my_package/my_package.egg-info/SOURCES.txt'
[1.721s] running build
[1.721s] running build_py
[1.721s] running install
[1.722s] running install_lib
[1.724s] running install_data
[1.725s] copying launch/my_package_launch_file.launch.py -> /home/user/ros2_ws/install/my_package/share/my_package
[1.725s] running install_egg_info
[1.728s] removing '/home/user/ros2_ws/install/my_package/lib/python3.10/site-packages/my_package-0.0.0-py3.10.egg-info' (and everything under it)
[1.728s] Copying ../../build/my_package/my_package.egg-info to /home/user/ros2_ws/install/my_package/lib/python3.10/site-packages/my_package-0.0.0-py3.10.egg-info
[1.730s] running install_scripts
[1.766s] Installing simple_node script to /home/user/ros2_ws/install/my_package/lib/my_package
[1.769s] writing list of installed files to '/home/user/ros2_ws/build/my_package/install.log'
[1.822s] Invoked command in '/home/user/ros2_ws/src/my_package' returned '0': PYTHONPATH=/home/user/ros2_ws/build/my_package/prefix_override:/home/user/ros2_ws/install/my_package/lib/python3.10/site-packages:${PYTHONPATH} _=/usr/bin/env /usr/bin/python3 setup.py egg_info --egg-base ../../build/my_package build --build-base /home/user/ros2_ws/build/my_package/build install --record /home/user/ros2_ws/build/my_package/install.log --single-version-externally-managed
